The system is: Darwin - 20.4.0 - x86_64
Compiling the C compiler identification source file "CMakeCCompilerId.c" succeeded.
Compiler: /usr/local/bin/x86_64-apple-darwin20-gcc-10.2.0 
Build flags: 
Id flags: -c 

The output was:
0


Compilation of the C compiler identification source "CMakeCCompilerId.c" produced "CMakeCCompilerId.o"

The C compiler identification is GNU, found in "/Users/melody/Downloads/dsacpp-vs2019.210216/dsacpp-vs2019.210216/src/Huffman_PQ_ComplHeap/build/CMakeFiles/3.20.1/CompilerIdC/CMakeCCompilerId.o"

Compiling the CXX compiler identification source file "CMakeCXXCompilerId.cpp" succeeded.
Compiler: /Library/Developer/CommandLineTools/usr/bin/c++ 
Build flags: 
Id flags: -c 

The output was:
0


Compilation of the CXX compiler identification source "CMakeCXXCompilerId.cpp" produced "CMakeCXXCompilerId.o"

The CXX compiler identification is AppleClang, found in "/Users/melody/Downloads/dsacpp-vs2019.210216/dsacpp-vs2019.210216/src/Huffman_PQ_ComplHeap/build/CMakeFiles/3.20.1/CompilerIdCXX/CMakeCXXCompilerId.o"

Detecting C compiler ABI info compiled with the following output:
Change Dir: /Users/melody/Downloads/dsacpp-vs2019.210216/dsacpp-vs2019.210216/src/Huffman_PQ_ComplHeap/build/CMakeFiles/CMakeTmp

Run Build Command(s):/usr/local/bin/ninja cmTC_dfe7c && [1/2] Building C object CMakeFiles/cmTC_dfe7c.dir/CMakeCCompilerABI.c.o
Using built-in specs.
COLLECT_GCC=/usr/local/bin/x86_64-apple-darwin20-gcc-10.2.0
Target: x86_64-apple-darwin20
Configured with: ../configure --build=x86_64-apple-darwin20 --prefix=/usr/local/Cellar/gcc/10.2.0 --libdir=/usr/local/Cellar/gcc/10.2.0/lib/gcc/10 --disable-nls --enable-checking=release --enable-languages=c,c++,objc,obj-c++,fortran --program-suffix=-10 --with-gmp=/usr/local/opt/gmp --with-mpfr=/usr/local/opt/mpfr --with-mpc=/usr/local/opt/libmpc --with-isl=/usr/local/opt/isl --with-system-zlib --with-pkgversion='Homebrew GCC 10.2.0' --with-bugurl=https://github.com/Homebrew/homebrew-core/issues --disable-multilib --with-native-system-header-dir=/usr/include --with-sysroot=/Library/Developer/CommandLineTools/SDKs/MacOSX11.0.sdk SED=/usr/bin/sed
Thread model: posix
Supported LTO compression algorithms: zlib
gcc version 10.2.0 (Homebrew GCC 10.2.0) 
COLLECT_GCC_OPTIONS='-isysroot' '/Library/Developer/CommandLineTools/SDKs/MacOSX11.3.sdk' '-v' '-o' 'CMakeFiles/cmTC_dfe7c.dir/CMakeCCompilerABI.c.o' '-c' '-mmacosx-version-min=11.0.0' '-asm_macosx_version_min=11.0' '-mtune=core2'
 /usr/local/Cellar/gcc/10.2.0/libexec/gcc/x86_64-apple-darwin20/10.2.0/cc1 -quiet -v -D__DYNAMIC__ -isysroot /Library/Developer/CommandLineTools/SDKs/MacOSX11.3.sdk /usr/local/Cellar/cmake/3.20.1/share/cmake/Modules/CMakeCCompilerABI.c -fPIC -quiet -dumpbase CMakeCCompilerABI.c -mmacosx-version-min=11.0.0 -mtune=core2 -auxbase-strip CMakeFiles/cmTC_dfe7c.dir/CMakeCCompilerABI.c.o -version -o /var/folders/gz/zzrd7wc50j739j3297kx0tp40000gn/T//ccNY3mDR.s
GNU C17 (Homebrew GCC 10.2.0) version 10.2.0 (x86_64-apple-darwin20)
	compiled by GNU C version 10.2.0, GMP version 6.2.0, MPFR version 4.1.0, MPC version 1.2.1, isl version isl-0.22.1-GMP

warning: GMP header version 6.2.0 differs from library version 6.2.1.
GGC heuristics: --param ggc-min-expand=100 --param ggc-min-heapsize=131072
ignoring nonexistent directory "/Library/Developer/CommandLineTools/SDKs/MacOSX11.3.sdk/usr/local/include"
ignoring nonexistent directory "/usr/local/Cellar/gcc/10.2.0/lib/gcc/10/gcc/x86_64-apple-darwin20/10.2.0/../../../../../../x86_64-apple-darwin20/include"
ignoring nonexistent directory "/Library/Developer/CommandLineTools/SDKs/MacOSX11.3.sdk/Library/Frameworks"
#include "..." search starts here:
#include <...> search starts here:
 /usr/local/Cellar/gcc/10.2.0/lib/gcc/10/gcc/x86_64-apple-darwin20/10.2.0/include
 /usr/local/Cellar/gcc/10.2.0/lib/gcc/10/gcc/x86_64-apple-darwin20/10.2.0/include-fixed
 /Library/Developer/CommandLineTools/SDKs/MacOSX11.3.sdk/usr/include
 /Library/Developer/CommandLineTools/SDKs/MacOSX11.3.sdk/System/Library/Frameworks
End of search list.
GNU C17 (Homebrew GCC 10.2.0) version 10.2.0 (x86_64-apple-darwin20)
	compiled by GNU C version 10.2.0, GMP version 6.2.0, MPFR version 4.1.0, MPC version 1.2.1, isl version isl-0.22.1-GMP

warning: GMP header version 6.2.0 differs from library version 6.2.1.
GGC heuristics: --param ggc-min-expand=100 --param ggc-min-heapsize=131072
Compiler executable checksum: b8e4874f2e5e7c30641db78ece7d1136
COLLECT_GCC_OPTIONS='-isysroot' '/Library/Developer/CommandLineTools/SDKs/MacOSX11.3.sdk' '-v' '-o' 'CMakeFiles/cmTC_dfe7c.dir/CMakeCCompilerABI.c.o' '-c' '-mmacosx-version-min=11.0.0'  '-mtune=core2'
 as -arch x86_64 -v -force_cpusubtype_ALL -mmacosx-version-min=11.0 -o CMakeFiles/cmTC_dfe7c.dir/CMakeCCompilerABI.c.o /var/folders/gz/zzrd7wc50j739j3297kx0tp40000gn/T//ccNY3mDR.s
Apple clang version 12.0.5 (clang-1205.0.22.9)
Target: x86_64-apple-darwin20.4.0
Thread model: posix
InstalledDir: /Library/Developer/CommandLineTools/usr/bin
 "/Library/Developer/CommandLineTools/usr/bin/clang" -cc1as -triple x86_64-apple-macosx11.0.0 -filetype obj -main-file-name ccNY3mDR.s -target-cpu penryn -fdebug-compilation-dir /Users/melody/Downloads/dsacpp-vs2019.210216/dsacpp-vs2019.210216/src/Huffman_PQ_ComplHeap/build/CMakeFiles/CMakeTmp -dwarf-debug-producer "Apple clang version 12.0.5 (clang-1205.0.22.9)" -dwarf-version=4 -mrelocation-model pic -mllvm -disable-aligned-alloc-awareness=1 -o CMakeFiles/cmTC_dfe7c.dir/CMakeCCompilerABI.c.o /var/folders/gz/zzrd7wc50j739j3297kx0tp40000gn/T//ccNY3mDR.s
COMPILER_PATH=/usr/local/Cellar/gcc/10.2.0/libexec/gcc/x86_64-apple-darwin20/10.2.0/:/usr/local/Cellar/gcc/10.2.0/libexec/gcc/x86_64-apple-darwin20/10.2.0/:/usr/local/Cellar/gcc/10.2.0/libexec/gcc/x86_64-apple-darwin20/:/usr/local/Cellar/gcc/10.2.0/lib/gcc/10/gcc/x86_64-apple-darwin20/10.2.0/:/usr/local/Cellar/gcc/10.2.0/lib/gcc/10/gcc/x86_64-apple-darwin20/
LIBRARY_PATH=/usr/local/Cellar/gcc/10.2.0/lib/gcc/10/gcc/x86_64-apple-darwin20/10.2.0/:/usr/local/Cellar/gcc/10.2.0/lib/gcc/10/gcc/x86_64-apple-darwin20/10.2.0/../../../
COLLECT_GCC_OPTIONS='-isysroot' '/Library/Developer/CommandLineTools/SDKs/MacOSX11.3.sdk' '-v' '-o' 'CMakeFiles/cmTC_dfe7c.dir/CMakeCCompilerABI.c.o' '-c' '-mmacosx-version-min=11.0.0'  '-mtune=core2'
[2/2] Linking C executable cmTC_dfe7c
Using built-in specs.
COLLECT_GCC=/usr/local/bin/x86_64-apple-darwin20-gcc-10.2.0
COLLECT_LTO_WRAPPER=/usr/local/Cellar/gcc/10.2.0/libexec/gcc/x86_64-apple-darwin20/10.2.0/lto-wrapper
Target: x86_64-apple-darwin20
Configured with: ../configure --build=x86_64-apple-darwin20 --prefix=/usr/local/Cellar/gcc/10.2.0 --libdir=/usr/local/Cellar/gcc/10.2.0/lib/gcc/10 --disable-nls --enable-checking=release --enable-languages=c,c++,objc,obj-c++,fortran --program-suffix=-10 --with-gmp=/usr/local/opt/gmp --with-mpfr=/usr/local/opt/mpfr --with-mpc=/usr/local/opt/libmpc --with-isl=/usr/local/opt/isl --with-system-zlib --with-pkgversion='Homebrew GCC 10.2.0' --with-bugurl=https://github.com/Homebrew/homebrew-core/issues --disable-multilib --with-native-system-header-dir=/usr/include --with-sysroot=/Library/Developer/CommandLineTools/SDKs/MacOSX11.0.sdk SED=/usr/bin/sed
Thread model: posix
Supported LTO compression algorithms: zlib
gcc version 10.2.0 (Homebrew GCC 10.2.0) 
COMPILER_PATH=/usr/local/Cellar/gcc/10.2.0/libexec/gcc/x86_64-apple-darwin20/10.2.0/:/usr/local/Cellar/gcc/10.2.0/libexec/gcc/x86_64-apple-darwin20/10.2.0/:/usr/local/Cellar/gcc/10.2.0/libexec/gcc/x86_64-apple-darwin20/:/usr/local/Cellar/gcc/10.2.0/lib/gcc/10/gcc/x86_64-apple-darwin20/10.2.0/:/usr/local/Cellar/gcc/10.2.0/lib/gcc/10/gcc/x86_64-apple-darwin20/
LIBRARY_PATH=/usr/local/Cellar/gcc/10.2.0/lib/gcc/10/gcc/x86_64-apple-darwin20/10.2.0/:/usr/local/Cellar/gcc/10.2.0/lib/gcc/10/gcc/x86_64-apple-darwin20/10.2.0/../../../
COLLECT_GCC_OPTIONS='-isysroot' '/Library/Developer/CommandLineTools/SDKs/MacOSX11.3.sdk' '-L/usr/local/opt/zlib/lib' '-L/usr/local/opt/bzip2/lib' '-L/Library/Developer/CommandLineTools/SDKs/MacOSX.sdk/usr/lib/' '-v' '-o' 'cmTC_dfe7c' '-mmacosx-version-min=11.0.0' '-asm_macosx_version_min=11.0' '-mtune=core2'
 /usr/local/Cellar/gcc/10.2.0/libexec/gcc/x86_64-apple-darwin20/10.2.0/collect2 -dynamic -arch x86_64 -macosx_version_min 11.0.0 -syslibroot /Library/Developer/CommandLineTools/SDKs/MacOSX11.3.sdk -weak_reference_mismatches non-weak -o cmTC_dfe7c -L/usr/local/opt/zlib/lib -L/usr/local/opt/bzip2/lib -L/Library/Developer/CommandLineTools/SDKs/MacOSX.sdk/usr/lib/ -L/usr/local/Cellar/gcc/10.2.0/lib/gcc/10/gcc/x86_64-apple-darwin20/10.2.0 -L/usr/local/Cellar/gcc/10.2.0/lib/gcc/10/gcc/x86_64-apple-darwin20/10.2.0/../../.. -search_paths_first -headerpad_max_install_names -v CMakeFiles/cmTC_dfe7c.dir/CMakeCCompilerABI.c.o -lSystem -lgcc_ext.10.5 -lgcc -lSystem -no_compact_unwind -v
collect2 version 10.2.0
/usr/bin/ld -dynamic -arch x86_64 -macosx_version_min 11.0.0 -syslibroot /Library/Developer/CommandLineTools/SDKs/MacOSX11.3.sdk -weak_reference_mismatches non-weak -o cmTC_dfe7c -L/usr/local/opt/zlib/lib -L/usr/local/opt/bzip2/lib -L/Library/Developer/CommandLineTools/SDKs/MacOSX.sdk/usr/lib/ -L/usr/local/Cellar/gcc/10.2.0/lib/gcc/10/gcc/x86_64-apple-darwin20/10.2.0 -L/usr/local/Cellar/gcc/10.2.0/lib/gcc/10/gcc/x86_64-apple-darwin20/10.2.0/../../.. -search_paths_first -headerpad_max_install_names -v CMakeFiles/cmTC_dfe7c.dir/CMakeCCompilerABI.c.o -lSystem -lgcc_ext.10.5 -lgcc -lSystem -no_compact_unwind -v
@(#)PROGRAM:ld  PROJECT:ld64-650.9
BUILD 00:19:30 Mar 17 2021
configured to support archs: armv6 armv7 armv7s arm64 arm64e arm64_32 i386 x86_64 x86_64h armv6m armv7k armv7m armv7em
@(#)PROGRAM:ld  PROJECT:ld64-650.9
BUILD 00:19:30 Mar 17 2021
configured to support archs: armv6 armv7 armv7s arm64 arm64e arm64_32 i386 x86_64 x86_64h armv6m armv7k armv7m armv7em
Library search paths:
	/usr/local/opt/zlib/lib
	/usr/local/opt/bzip2/lib
	/Library/Developer/CommandLineTools/SDKs/MacOSX.sdk/usr/lib/
	/usr/local/Cellar/gcc/10.2.0/lib/gcc/10/gcc/x86_64-apple-darwin20/10.2.0
	/usr/local/Cellar/gcc/10.2.0/lib/gcc/10
	/Library/Developer/CommandLineTools/SDKs/MacOSX11.3.sdk/usr/lib
Framework search paths:
	/Library/Developer/CommandLineTools/SDKs/MacOSX11.3.sdk/System/Library/Frameworks/



Parsed C implicit include dir info from above output: rv=done
  found start of include info
  found start of implicit include info
    add: [/usr/local/Cellar/gcc/10.2.0/lib/gcc/10/gcc/x86_64-apple-darwin20/10.2.0/include]
    add: [/usr/local/Cellar/gcc/10.2.0/lib/gcc/10/gcc/x86_64-apple-darwin20/10.2.0/include-fixed]
    add: [/Library/Developer/CommandLineTools/SDKs/MacOSX11.3.sdk/usr/include]
    add: [/Library/Developer/CommandLineTools/SDKs/MacOSX11.3.sdk/System/Library/Frameworks]
  end of search list found
  collapse include dir [/usr/local/Cellar/gcc/10.2.0/lib/gcc/10/gcc/x86_64-apple-darwin20/10.2.0/include] ==> [/usr/local/Cellar/gcc/10.2.0/lib/gcc/10/gcc/x86_64-apple-darwin20/10.2.0/include]
  collapse include dir [/usr/local/Cellar/gcc/10.2.0/lib/gcc/10/gcc/x86_64-apple-darwin20/10.2.0/include-fixed] ==> [/usr/local/Cellar/gcc/10.2.0/lib/gcc/10/gcc/x86_64-apple-darwin20/10.2.0/include-fixed]
  collapse include dir [/Library/Developer/CommandLineTools/SDKs/MacOSX11.3.sdk/usr/include] ==> [/Library/Developer/CommandLineTools/SDKs/MacOSX11.3.sdk/usr/include]
  collapse include dir [/Library/Developer/CommandLineTools/SDKs/MacOSX11.3.sdk/System/Library/Frameworks] ==> [/Library/Developer/CommandLineTools/SDKs/MacOSX11.3.sdk/System/Library/Frameworks]
  implicit include dirs: [/usr/local/Cellar/gcc/10.2.0/lib/gcc/10/gcc/x86_64-apple-darwin20/10.2.0/include;/usr/local/Cellar/gcc/10.2.0/lib/gcc/10/gcc/x86_64-apple-darwin20/10.2.0/include-fixed;/Library/Developer/CommandLineTools/SDKs/MacOSX11.3.sdk/usr/include;/Library/Developer/CommandLineTools/SDKs/MacOSX11.3.sdk/System/Library/Frameworks]


Parsed C implicit link information from above output:
  link line regex: [^( *|.*[/\])(ld|CMAKE_LINK_STARTFILE-NOTFOUND|([^/\]+-)?ld|collect2)[^/\]*( |$)]
  ignore line: [Change Dir: /Users/melody/Downloads/dsacpp-vs2019.210216/dsacpp-vs2019.210216/src/Huffman_PQ_ComplHeap/build/CMakeFiles/CMakeTmp]
  ignore line: []
  ignore line: [Run Build Command(s):/usr/local/bin/ninja cmTC_dfe7c && [1/2] Building C object CMakeFiles/cmTC_dfe7c.dir/CMakeCCompilerABI.c.o]
  ignore line: [Using built-in specs.]
  ignore line: [COLLECT_GCC=/usr/local/bin/x86_64-apple-darwin20-gcc-10.2.0]
  ignore line: [Target: x86_64-apple-darwin20]
  ignore line: [Configured with: ../configure --build=x86_64-apple-darwin20 --prefix=/usr/local/Cellar/gcc/10.2.0 --libdir=/usr/local/Cellar/gcc/10.2.0/lib/gcc/10 --disable-nls --enable-checking=release --enable-languages=c c++ objc obj-c++ fortran --program-suffix=-10 --with-gmp=/usr/local/opt/gmp --with-mpfr=/usr/local/opt/mpfr --with-mpc=/usr/local/opt/libmpc --with-isl=/usr/local/opt/isl --with-system-zlib --with-pkgversion='Homebrew GCC 10.2.0' --with-bugurl=https://github.com/Homebrew/homebrew-core/issues --disable-multilib --with-native-system-header-dir=/usr/include --with-sysroot=/Library/Developer/CommandLineTools/SDKs/MacOSX11.0.sdk SED=/usr/bin/sed]
  ignore line: [Thread model: posix]
  ignore line: [Supported LTO compression algorithms: zlib]
  ignore line: [gcc version 10.2.0 (Homebrew GCC 10.2.0) ]
  ignore line: [COLLECT_GCC_OPTIONS='-isysroot' '/Library/Developer/CommandLineTools/SDKs/MacOSX11.3.sdk' '-v' '-o' 'CMakeFiles/cmTC_dfe7c.dir/CMakeCCompilerABI.c.o' '-c' '-mmacosx-version-min=11.0.0' '-asm_macosx_version_min=11.0' '-mtune=core2']
  ignore line: [ /usr/local/Cellar/gcc/10.2.0/libexec/gcc/x86_64-apple-darwin20/10.2.0/cc1 -quiet -v -D__DYNAMIC__ -isysroot /Library/Developer/CommandLineTools/SDKs/MacOSX11.3.sdk /usr/local/Cellar/cmake/3.20.1/share/cmake/Modules/CMakeCCompilerABI.c -fPIC -quiet -dumpbase CMakeCCompilerABI.c -mmacosx-version-min=11.0.0 -mtune=core2 -auxbase-strip CMakeFiles/cmTC_dfe7c.dir/CMakeCCompilerABI.c.o -version -o /var/folders/gz/zzrd7wc50j739j3297kx0tp40000gn/T//ccNY3mDR.s]
  ignore line: [GNU C17 (Homebrew GCC 10.2.0) version 10.2.0 (x86_64-apple-darwin20)]
  ignore line: [	compiled by GNU C version 10.2.0  GMP version 6.2.0  MPFR version 4.1.0  MPC version 1.2.1  isl version isl-0.22.1-GMP]
  ignore line: []
  ignore line: [warning: GMP header version 6.2.0 differs from library version 6.2.1.]
  ignore line: [GGC heuristics: --param ggc-min-expand=100 --param ggc-min-heapsize=131072]
  ignore line: [ignoring nonexistent directory "/Library/Developer/CommandLineTools/SDKs/MacOSX11.3.sdk/usr/local/include"]
  ignore line: [ignoring nonexistent directory "/usr/local/Cellar/gcc/10.2.0/lib/gcc/10/gcc/x86_64-apple-darwin20/10.2.0/../../../../../../x86_64-apple-darwin20/include"]
  ignore line: [ignoring nonexistent directory "/Library/Developer/CommandLineTools/SDKs/MacOSX11.3.sdk/Library/Frameworks"]
  ignore line: [#include "..." search starts here:]
  ignore line: [#include <...> search starts here:]
  ignore line: [ /usr/local/Cellar/gcc/10.2.0/lib/gcc/10/gcc/x86_64-apple-darwin20/10.2.0/include]
  ignore line: [ /usr/local/Cellar/gcc/10.2.0/lib/gcc/10/gcc/x86_64-apple-darwin20/10.2.0/include-fixed]
  ignore line: [ /Library/Developer/CommandLineTools/SDKs/MacOSX11.3.sdk/usr/include]
  ignore line: [ /Library/Developer/CommandLineTools/SDKs/MacOSX11.3.sdk/System/Library/Frameworks]
  ignore line: [End of search list.]
  ignore line: [GNU C17 (Homebrew GCC 10.2.0) version 10.2.0 (x86_64-apple-darwin20)]
  ignore line: [	compiled by GNU C version 10.2.0  GMP version 6.2.0  MPFR version 4.1.0  MPC version 1.2.1  isl version isl-0.22.1-GMP]
  ignore line: []
  ignore line: [warning: GMP header version 6.2.0 differs from library version 6.2.1.]
  ignore line: [GGC heuristics: --param ggc-min-expand=100 --param ggc-min-heapsize=131072]
  ignore line: [Compiler executable checksum: b8e4874f2e5e7c30641db78ece7d1136]
  ignore line: [COLLECT_GCC_OPTIONS='-isysroot' '/Library/Developer/CommandLineTools/SDKs/MacOSX11.3.sdk' '-v' '-o' 'CMakeFiles/cmTC_dfe7c.dir/CMakeCCompilerABI.c.o' '-c' '-mmacosx-version-min=11.0.0'  '-mtune=core2']
  ignore line: [ as -arch x86_64 -v -force_cpusubtype_ALL -mmacosx-version-min=11.0 -o CMakeFiles/cmTC_dfe7c.dir/CMakeCCompilerABI.c.o /var/folders/gz/zzrd7wc50j739j3297kx0tp40000gn/T//ccNY3mDR.s]
  ignore line: [Apple clang version 12.0.5 (clang-1205.0.22.9)]
  ignore line: [Target: x86_64-apple-darwin20.4.0]
  ignore line: [Thread model: posix]
  ignore line: [InstalledDir: /Library/Developer/CommandLineTools/usr/bin]
  ignore line: [ "/Library/Developer/CommandLineTools/usr/bin/clang" -cc1as -triple x86_64-apple-macosx11.0.0 -filetype obj -main-file-name ccNY3mDR.s -target-cpu penryn -fdebug-compilation-dir /Users/melody/Downloads/dsacpp-vs2019.210216/dsacpp-vs2019.210216/src/Huffman_PQ_ComplHeap/build/CMakeFiles/CMakeTmp -dwarf-debug-producer "Apple clang version 12.0.5 (clang-1205.0.22.9)" -dwarf-version=4 -mrelocation-model pic -mllvm -disable-aligned-alloc-awareness=1 -o CMakeFiles/cmTC_dfe7c.dir/CMakeCCompilerABI.c.o /var/folders/gz/zzrd7wc50j739j3297kx0tp40000gn/T//ccNY3mDR.s]
  ignore line: [COMPILER_PATH=/usr/local/Cellar/gcc/10.2.0/libexec/gcc/x86_64-apple-darwin20/10.2.0/:/usr/local/Cellar/gcc/10.2.0/libexec/gcc/x86_64-apple-darwin20/10.2.0/:/usr/local/Cellar/gcc/10.2.0/libexec/gcc/x86_64-apple-darwin20/:/usr/local/Cellar/gcc/10.2.0/lib/gcc/10/gcc/x86_64-apple-darwin20/10.2.0/:/usr/local/Cellar/gcc/10.2.0/lib/gcc/10/gcc/x86_64-apple-darwin20/]
  ignore line: [LIBRARY_PATH=/usr/local/Cellar/gcc/10.2.0/lib/gcc/10/gcc/x86_64-apple-darwin20/10.2.0/:/usr/local/Cellar/gcc/10.2.0/lib/gcc/10/gcc/x86_64-apple-darwin20/10.2.0/../../../]
  ignore line: [COLLECT_GCC_OPTIONS='-isysroot' '/Library/Developer/CommandLineTools/SDKs/MacOSX11.3.sdk' '-v' '-o' 'CMakeFiles/cmTC_dfe7c.dir/CMakeCCompilerABI.c.o' '-c' '-mmacosx-version-min=11.0.0'  '-mtune=core2']
  ignore line: [[2/2] Linking C executable cmTC_dfe7c]
  ignore line: [Using built-in specs.]
  ignore line: [COLLECT_GCC=/usr/local/bin/x86_64-apple-darwin20-gcc-10.2.0]
  ignore line: [COLLECT_LTO_WRAPPER=/usr/local/Cellar/gcc/10.2.0/libexec/gcc/x86_64-apple-darwin20/10.2.0/lto-wrapper]
  ignore line: [Target: x86_64-apple-darwin20]
  ignore line: [Configured with: ../configure --build=x86_64-apple-darwin20 --prefix=/usr/local/Cellar/gcc/10.2.0 --libdir=/usr/local/Cellar/gcc/10.2.0/lib/gcc/10 --disable-nls --enable-checking=release --enable-languages=c c++ objc obj-c++ fortran --program-suffix=-10 --with-gmp=/usr/local/opt/gmp --with-mpfr=/usr/local/opt/mpfr --with-mpc=/usr/local/opt/libmpc --with-isl=/usr/local/opt/isl --with-system-zlib --with-pkgversion='Homebrew GCC 10.2.0' --with-bugurl=https://github.com/Homebrew/homebrew-core/issues --disable-multilib --with-native-system-header-dir=/usr/include --with-sysroot=/Library/Developer/CommandLineTools/SDKs/MacOSX11.0.sdk SED=/usr/bin/sed]
  ignore line: [Thread model: posix]
  ignore line: [Supported LTO compression algorithms: zlib]
  ignore line: [gcc version 10.2.0 (Homebrew GCC 10.2.0) ]
  ignore line: [COMPILER_PATH=/usr/local/Cellar/gcc/10.2.0/libexec/gcc/x86_64-apple-darwin20/10.2.0/:/usr/local/Cellar/gcc/10.2.0/libexec/gcc/x86_64-apple-darwin20/10.2.0/:/usr/local/Cellar/gcc/10.2.0/libexec/gcc/x86_64-apple-darwin20/:/usr/local/Cellar/gcc/10.2.0/lib/gcc/10/gcc/x86_64-apple-darwin20/10.2.0/:/usr/local/Cellar/gcc/10.2.0/lib/gcc/10/gcc/x86_64-apple-darwin20/]
  ignore line: [LIBRARY_PATH=/usr/local/Cellar/gcc/10.2.0/lib/gcc/10/gcc/x86_64-apple-darwin20/10.2.0/:/usr/local/Cellar/gcc/10.2.0/lib/gcc/10/gcc/x86_64-apple-darwin20/10.2.0/../../../]
  ignore line: [COLLECT_GCC_OPTIONS='-isysroot' '/Library/Developer/CommandLineTools/SDKs/MacOSX11.3.sdk' '-L/usr/local/opt/zlib/lib' '-L/usr/local/opt/bzip2/lib' '-L/Library/Developer/CommandLineTools/SDKs/MacOSX.sdk/usr/lib/' '-v' '-o' 'cmTC_dfe7c' '-mmacosx-version-min=11.0.0' '-asm_macosx_version_min=11.0' '-mtune=core2']
  link line: [ /usr/local/Cellar/gcc/10.2.0/libexec/gcc/x86_64-apple-darwin20/10.2.0/collect2 -dynamic -arch x86_64 -macosx_version_min 11.0.0 -syslibroot /Library/Developer/CommandLineTools/SDKs/MacOSX11.3.sdk -weak_reference_mismatches non-weak -o cmTC_dfe7c -L/usr/local/opt/zlib/lib -L/usr/local/opt/bzip2/lib -L/Library/Developer/CommandLineTools/SDKs/MacOSX.sdk/usr/lib/ -L/usr/local/Cellar/gcc/10.2.0/lib/gcc/10/gcc/x86_64-apple-darwin20/10.2.0 -L/usr/local/Cellar/gcc/10.2.0/lib/gcc/10/gcc/x86_64-apple-darwin20/10.2.0/../../.. -search_paths_first -headerpad_max_install_names -v CMakeFiles/cmTC_dfe7c.dir/CMakeCCompilerABI.c.o -lSystem -lgcc_ext.10.5 -lgcc -lSystem -no_compact_unwind -v]
    arg [/usr/local/Cellar/gcc/10.2.0/libexec/gcc/x86_64-apple-darwin20/10.2.0/collect2] ==> ignore
    arg [-dynamic] ==> ignore
    arg [-arch] ==> ignore
    arg [x86_64] ==> ignore
    arg [-macosx_version_min] ==> ignore
    arg [11.0.0] ==> ignore
    arg [-syslibroot] ==> ignore
    arg [/Library/Developer/CommandLineTools/SDKs/MacOSX11.3.sdk] ==> ignore
    arg [-weak_reference_mismatches] ==> ignore
    arg [non-weak] ==> ignore
    arg [-o] ==> ignore
    arg [cmTC_dfe7c] ==> ignore
    arg [-L/usr/local/opt/zlib/lib] ==> dir [/usr/local/opt/zlib/lib]
    arg [-L/usr/local/opt/bzip2/lib] ==> dir [/usr/local/opt/bzip2/lib]
    arg [-L/Library/Developer/CommandLineTools/SDKs/MacOSX.sdk/usr/lib/] ==> dir [/Library/Developer/CommandLineTools/SDKs/MacOSX.sdk/usr/lib/]
    arg [-L/usr/local/Cellar/gcc/10.2.0/lib/gcc/10/gcc/x86_64-apple-darwin20/10.2.0] ==> dir [/usr/local/Cellar/gcc/10.2.0/lib/gcc/10/gcc/x86_64-apple-darwin20/10.2.0]
    arg [-L/usr/local/Cellar/gcc/10.2.0/lib/gcc/10/gcc/x86_64-apple-darwin20/10.2.0/../../..] ==> dir [/usr/local/Cellar/gcc/10.2.0/lib/gcc/10/gcc/x86_64-apple-darwin20/10.2.0/../../..]
    arg [-search_paths_first] ==> ignore
    arg [-headerpad_max_install_names] ==> ignore
    arg [-v] ==> ignore
    arg [CMakeFiles/cmTC_dfe7c.dir/CMakeCCompilerABI.c.o] ==> ignore
    arg [-lSystem] ==> lib [System]
    arg [-lgcc_ext.10.5] ==> lib [gcc_ext.10.5]
    arg [-lgcc] ==> lib [gcc]
    arg [-lSystem] ==> lib [System]
    arg [-no_compact_unwind] ==> ignore
    arg [-v] ==> ignore
  Library search paths: [;/usr/local/opt/zlib/lib;/usr/local/opt/bzip2/lib;/Library/Developer/CommandLineTools/SDKs/MacOSX.sdk/usr/lib/;/usr/local/Cellar/gcc/10.2.0/lib/gcc/10/gcc/x86_64-apple-darwin20/10.2.0;/usr/local/Cellar/gcc/10.2.0/lib/gcc/10;/Library/Developer/CommandLineTools/SDKs/MacOSX11.3.sdk/usr/lib]
  Framework search paths: [;/Library/Developer/CommandLineTools/SDKs/MacOSX11.3.sdk/System/Library/Frameworks/]
  remove lib [System]
  remove lib [System]
  collapse library dir [/usr/local/opt/zlib/lib] ==> [/usr/local/opt/zlib/lib]
  collapse library dir [/usr/local/opt/bzip2/lib] ==> [/usr/local/opt/bzip2/lib]
  collapse library dir [/Library/Developer/CommandLineTools/SDKs/MacOSX.sdk/usr/lib/] ==> [/Library/Developer/CommandLineTools/SDKs/MacOSX.sdk/usr/lib]
  collapse library dir [/usr/local/Cellar/gcc/10.2.0/lib/gcc/10/gcc/x86_64-apple-darwin20/10.2.0] ==> [/usr/local/Cellar/gcc/10.2.0/lib/gcc/10/gcc/x86_64-apple-darwin20/10.2.0]
  collapse library dir [/usr/local/Cellar/gcc/10.2.0/lib/gcc/10/gcc/x86_64-apple-darwin20/10.2.0/../../..] ==> [/usr/local/Cellar/gcc/10.2.0/lib/gcc/10]
  collapse library dir [/usr/local/opt/zlib/lib] ==> [/usr/local/opt/zlib/lib]
  collapse library dir [/usr/local/opt/bzip2/lib] ==> [/usr/local/opt/bzip2/lib]
  collapse library dir [/Library/Developer/CommandLineTools/SDKs/MacOSX.sdk/usr/lib/] ==> [/Library/Developer/CommandLineTools/SDKs/MacOSX.sdk/usr/lib]
  collapse library dir [/usr/local/Cellar/gcc/10.2.0/lib/gcc/10/gcc/x86_64-apple-darwin20/10.2.0] ==> [/usr/local/Cellar/gcc/10.2.0/lib/gcc/10/gcc/x86_64-apple-darwin20/10.2.0]
  collapse library dir [/usr/local/Cellar/gcc/10.2.0/lib/gcc/10] ==> [/usr/local/Cellar/gcc/10.2.0/lib/gcc/10]
  collapse library dir [/Library/Developer/CommandLineTools/SDKs/MacOSX11.3.sdk/usr/lib] ==> [/Library/Developer/CommandLineTools/SDKs/MacOSX11.3.sdk/usr/lib]
  collapse framework dir [/Library/Developer/CommandLineTools/SDKs/MacOSX11.3.sdk/System/Library/Frameworks/] ==> [/Library/Developer/CommandLineTools/SDKs/MacOSX11.3.sdk/System/Library/Frameworks]
  implicit libs: [gcc_ext.10.5;gcc]
  implicit objs: []
  implicit dirs: [/usr/local/opt/zlib/lib;/usr/local/opt/bzip2/lib;/Library/Developer/CommandLineTools/SDKs/MacOSX.sdk/usr/lib;/usr/local/Cellar/gcc/10.2.0/lib/gcc/10/gcc/x86_64-apple-darwin20/10.2.0;/usr/local/Cellar/gcc/10.2.0/lib/gcc/10;/Library/Developer/CommandLineTools/SDKs/MacOSX11.3.sdk/usr/lib]
  implicit fwks: [/Library/Developer/CommandLineTools/SDKs/MacOSX11.3.sdk/System/Library/Frameworks]


Detecting CXX compiler ABI info compiled with the following output:
Change Dir: /Users/melody/Downloads/dsacpp-vs2019.210216/dsacpp-vs2019.210216/src/Huffman_PQ_ComplHeap/build/CMakeFiles/CMakeTmp

Run Build Command(s):/usr/local/bin/ninja cmTC_17720 && [1/2] Building CXX object CMakeFiles/cmTC_17720.dir/CMakeCXXCompilerABI.cpp.o
Apple clang version 12.0.5 (clang-1205.0.22.9)
Target: x86_64-apple-darwin20.4.0
Thread model: posix
InstalledDir: /Library/Developer/CommandLineTools/usr/bin
clang: warning: -Wl,-v: 'linker' input unused [-Wunused-command-line-argument]
 "/Library/Developer/CommandLineTools/usr/bin/clang" -cc1 -triple x86_64-apple-macosx11.0.0 -Wdeprecated-objc-isa-usage -Werror=deprecated-objc-isa-usage -Werror=implicit-function-declaration -emit-obj -mrelax-all -disable-free -disable-llvm-verifier -discard-value-names -main-file-name CMakeCXXCompilerABI.cpp -mrelocation-model pic -pic-level 2 -mframe-pointer=all -fno-strict-return -fno-rounding-math -munwind-tables -target-sdk-version=11.3 -fvisibility-inlines-hidden-static-local-var -target-cpu penryn -debugger-tuning=lldb -target-linker-version 650.9 -v -resource-dir /Library/Developer/CommandLineTools/usr/lib/clang/12.0.5 -dependency-file CMakeFiles/cmTC_17720.dir/CMakeCXXCompilerABI.cpp.o.d -skip-unused-modulemap-deps -MT CMakeFiles/cmTC_17720.dir/CMakeCXXCompilerABI.cpp.o -sys-header-deps -isysroot /Library/Developer/CommandLineTools/SDKs/MacOSX11.3.sdk -stdlib=libc++ -internal-isystem /Library/Developer/CommandLineTools/SDKs/MacOSX11.3.sdk/usr/include/c++/v1 -internal-isystem /Library/Developer/CommandLineTools/SDKs/MacOSX11.3.sdk/usr/local/include -internal-isystem /Library/Developer/CommandLineTools/usr/lib/clang/12.0.5/include -internal-externc-isystem /Library/Developer/CommandLineTools/SDKs/MacOSX11.3.sdk/usr/include -internal-externc-isystem /Library/Developer/CommandLineTools/usr/include -Wno-reorder-init-list -Wno-implicit-int-float-conversion -Wno-c99-designator -Wno-final-dtor-non-final-class -Wno-extra-semi-stmt -Wno-misleading-indentation -Wno-quoted-include-in-framework-header -Wno-implicit-fallthrough -Wno-enum-enum-conversion -Wno-enum-float-conversion -Wno-elaborated-enum-base -fdeprecated-macro -fdebug-compilation-dir /Users/melody/Downloads/dsacpp-vs2019.210216/dsacpp-vs2019.210216/src/Huffman_PQ_ComplHeap/build/CMakeFiles/CMakeTmp -ferror-limit 19 -stack-protector 1 -fstack-check -mdarwin-stkchk-strong-link -fblocks -fencode-extended-block-signature -fregister-global-dtors-with-atexit -fgnuc-version=4.2.1 -fcxx-exceptions -fexceptions -fmax-type-align=16 -fcommon -clang-vendor-feature=+disableNonDependentMemberExprInCurrentInstantiation -fno-odr-hash-protocols -mllvm -disable-aligned-alloc-awareness=1 -o CMakeFiles/cmTC_17720.dir/CMakeCXXCompilerABI.cpp.o -x c++ /usr/local/Cellar/cmake/3.20.1/share/cmake/Modules/CMakeCXXCompilerABI.cpp
clang -cc1 version 12.0.5 (clang-1205.0.22.9) default target x86_64-apple-darwin20.4.0
ignoring nonexistent directory "/Library/Developer/CommandLineTools/SDKs/MacOSX11.3.sdk/usr/local/include"
ignoring nonexistent directory "/Library/Developer/CommandLineTools/SDKs/MacOSX11.3.sdk/Library/Frameworks"
#include "..." search starts here:
#include <...> search starts here:
 /Library/Developer/CommandLineTools/SDKs/MacOSX11.3.sdk/usr/include/c++/v1
 /Library/Developer/CommandLineTools/usr/lib/clang/12.0.5/include
 /Library/Developer/CommandLineTools/SDKs/MacOSX11.3.sdk/usr/include
 /Library/Developer/CommandLineTools/usr/include
 /Library/Developer/CommandLineTools/SDKs/MacOSX11.3.sdk/System/Library/Frameworks (framework directory)
End of search list.
[2/2] Linking CXX executable cmTC_17720
Apple clang version 12.0.5 (clang-1205.0.22.9)
Target: x86_64-apple-darwin20.4.0
Thread model: posix
InstalledDir: /Library/Developer/CommandLineTools/usr/bin
 "/Library/Developer/CommandLineTools/usr/bin/ld" -demangle -lto_library /Library/Developer/CommandLineTools/usr/lib/libLTO.dylib -dynamic -arch x86_64 -platform_version macos 11.0.0 11.3 -syslibroot /Library/Developer/CommandLineTools/SDKs/MacOSX11.3.sdk -o cmTC_17720 -L/usr/local/opt/zlib/lib -L/usr/local/opt/bzip2/lib -L/Library/Developer/CommandLineTools/SDKs/MacOSX.sdk/usr/lib/ -search_paths_first -headerpad_max_install_names -v CMakeFiles/cmTC_17720.dir/CMakeCXXCompilerABI.cpp.o -lc++ -lSystem /Library/Developer/CommandLineTools/usr/lib/clang/12.0.5/lib/darwin/libclang_rt.osx.a
@(#)PROGRAM:ld  PROJECT:ld64-650.9
BUILD 00:19:30 Mar 17 2021
configured to support archs: armv6 armv7 armv7s arm64 arm64e arm64_32 i386 x86_64 x86_64h armv6m armv7k armv7m armv7em
Library search paths:
	/usr/local/opt/zlib/lib
	/usr/local/opt/bzip2/lib
	/Library/Developer/CommandLineTools/SDKs/MacOSX.sdk/usr/lib/
	/Library/Developer/CommandLineTools/SDKs/MacOSX11.3.sdk/usr/lib
Framework search paths:
	/Library/Developer/CommandLineTools/SDKs/MacOSX11.3.sdk/System/Library/Frameworks/



Parsed CXX implicit include dir info from above output: rv=done
  found start of include info
  found start of implicit include info
    add: [/Library/Developer/CommandLineTools/SDKs/MacOSX11.3.sdk/usr/include/c++/v1]
    add: [/Library/Developer/CommandLineTools/usr/lib/clang/12.0.5/include]
    add: [/Library/Developer/CommandLineTools/SDKs/MacOSX11.3.sdk/usr/include]
    add: [/Library/Developer/CommandLineTools/usr/include]
  end of search list found
  collapse include dir [/Library/Developer/CommandLineTools/SDKs/MacOSX11.3.sdk/usr/include/c++/v1] ==> [/Library/Developer/CommandLineTools/SDKs/MacOSX11.3.sdk/usr/include/c++/v1]
  collapse include dir [/Library/Developer/CommandLineTools/usr/lib/clang/12.0.5/include] ==> [/Library/Developer/CommandLineTools/usr/lib/clang/12.0.5/include]
  collapse include dir [/Library/Developer/CommandLineTools/SDKs/MacOSX11.3.sdk/usr/include] ==> [/Library/Developer/CommandLineTools/SDKs/MacOSX11.3.sdk/usr/include]
  collapse include dir [/Library/Developer/CommandLineTools/usr/include] ==> [/Library/Developer/CommandLineTools/usr/include]
  implicit include dirs: [/Library/Developer/CommandLineTools/SDKs/MacOSX11.3.sdk/usr/include/c++/v1;/Library/Developer/CommandLineTools/usr/lib/clang/12.0.5/include;/Library/Developer/CommandLineTools/SDKs/MacOSX11.3.sdk/usr/include;/Library/Developer/CommandLineTools/usr/include]


Parsed CXX implicit link information from above output:
  link line regex: [^( *|.*[/\])(ld|CMAKE_LINK_STARTFILE-NOTFOUND|([^/\]+-)?ld|collect2)[^/\]*( |$)]
  ignore line: [Change Dir: /Users/melody/Downloads/dsacpp-vs2019.210216/dsacpp-vs2019.210216/src/Huffman_PQ_ComplHeap/build/CMakeFiles/CMakeTmp]
  ignore line: []
  ignore line: [Run Build Command(s):/usr/local/bin/ninja cmTC_17720 && [1/2] Building CXX object CMakeFiles/cmTC_17720.dir/CMakeCXXCompilerABI.cpp.o]
  ignore line: [Apple clang version 12.0.5 (clang-1205.0.22.9)]
  ignore line: [Target: x86_64-apple-darwin20.4.0]
  ignore line: [Thread model: posix]
  ignore line: [InstalledDir: /Library/Developer/CommandLineTools/usr/bin]
  ignore line: [clang: warning: -Wl -v: 'linker' input unused [-Wunused-command-line-argument]]
  ignore line: [ "/Library/Developer/CommandLineTools/usr/bin/clang" -cc1 -triple x86_64-apple-macosx11.0.0 -Wdeprecated-objc-isa-usage -Werror=deprecated-objc-isa-usage -Werror=implicit-function-declaration -emit-obj -mrelax-all -disable-free -disable-llvm-verifier -discard-value-names -main-file-name CMakeCXXCompilerABI.cpp -mrelocation-model pic -pic-level 2 -mframe-pointer=all -fno-strict-return -fno-rounding-math -munwind-tables -target-sdk-version=11.3 -fvisibility-inlines-hidden-static-local-var -target-cpu penryn -debugger-tuning=lldb -target-linker-version 650.9 -v -resource-dir /Library/Developer/CommandLineTools/usr/lib/clang/12.0.5 -dependency-file CMakeFiles/cmTC_17720.dir/CMakeCXXCompilerABI.cpp.o.d -skip-unused-modulemap-deps -MT CMakeFiles/cmTC_17720.dir/CMakeCXXCompilerABI.cpp.o -sys-header-deps -isysroot /Library/Developer/CommandLineTools/SDKs/MacOSX11.3.sdk -stdlib=libc++ -internal-isystem /Library/Developer/CommandLineTools/SDKs/MacOSX11.3.sdk/usr/include/c++/v1 -internal-isystem /Library/Developer/CommandLineTools/SDKs/MacOSX11.3.sdk/usr/local/include -internal-isystem /Library/Developer/CommandLineTools/usr/lib/clang/12.0.5/include -internal-externc-isystem /Library/Developer/CommandLineTools/SDKs/MacOSX11.3.sdk/usr/include -internal-externc-isystem /Library/Developer/CommandLineTools/usr/include -Wno-reorder-init-list -Wno-implicit-int-float-conversion -Wno-c99-designator -Wno-final-dtor-non-final-class -Wno-extra-semi-stmt -Wno-misleading-indentation -Wno-quoted-include-in-framework-header -Wno-implicit-fallthrough -Wno-enum-enum-conversion -Wno-enum-float-conversion -Wno-elaborated-enum-base -fdeprecated-macro -fdebug-compilation-dir /Users/melody/Downloads/dsacpp-vs2019.210216/dsacpp-vs2019.210216/src/Huffman_PQ_ComplHeap/build/CMakeFiles/CMakeTmp -ferror-limit 19 -stack-protector 1 -fstack-check -mdarwin-stkchk-strong-link -fblocks -fencode-extended-block-signature -fregister-global-dtors-with-atexit -fgnuc-version=4.2.1 -fcxx-exceptions -fexceptions -fmax-type-align=16 -fcommon -clang-vendor-feature=+disableNonDependentMemberExprInCurrentInstantiation -fno-odr-hash-protocols -mllvm -disable-aligned-alloc-awareness=1 -o CMakeFiles/cmTC_17720.dir/CMakeCXXCompilerABI.cpp.o -x c++ /usr/local/Cellar/cmake/3.20.1/share/cmake/Modules/CMakeCXXCompilerABI.cpp]
  ignore line: [clang -cc1 version 12.0.5 (clang-1205.0.22.9) default target x86_64-apple-darwin20.4.0]
  ignore line: [ignoring nonexistent directory "/Library/Developer/CommandLineTools/SDKs/MacOSX11.3.sdk/usr/local/include"]
  ignore line: [ignoring nonexistent directory "/Library/Developer/CommandLineTools/SDKs/MacOSX11.3.sdk/Library/Frameworks"]
  ignore line: [#include "..." search starts here:]
  ignore line: [#include <...> search starts here:]
  ignore line: [ /Library/Developer/CommandLineTools/SDKs/MacOSX11.3.sdk/usr/include/c++/v1]
  ignore line: [ /Library/Developer/CommandLineTools/usr/lib/clang/12.0.5/include]
  ignore line: [ /Library/Developer/CommandLineTools/SDKs/MacOSX11.3.sdk/usr/include]
  ignore line: [ /Library/Developer/CommandLineTools/usr/include]
  ignore line: [ /Library/Developer/CommandLineTools/SDKs/MacOSX11.3.sdk/System/Library/Frameworks (framework directory)]
  ignore line: [End of search list.]
  ignore line: [[2/2] Linking CXX executable cmTC_17720]
  ignore line: [Apple clang version 12.0.5 (clang-1205.0.22.9)]
  ignore line: [Target: x86_64-apple-darwin20.4.0]
  ignore line: [Thread model: posix]
  ignore line: [InstalledDir: /Library/Developer/CommandLineTools/usr/bin]
  link line: [ "/Library/Developer/CommandLineTools/usr/bin/ld" -demangle -lto_library /Library/Developer/CommandLineTools/usr/lib/libLTO.dylib -dynamic -arch x86_64 -platform_version macos 11.0.0 11.3 -syslibroot /Library/Developer/CommandLineTools/SDKs/MacOSX11.3.sdk -o cmTC_17720 -L/usr/local/opt/zlib/lib -L/usr/local/opt/bzip2/lib -L/Library/Developer/CommandLineTools/SDKs/MacOSX.sdk/usr/lib/ -search_paths_first -headerpad_max_install_names -v CMakeFiles/cmTC_17720.dir/CMakeCXXCompilerABI.cpp.o -lc++ -lSystem /Library/Developer/CommandLineTools/usr/lib/clang/12.0.5/lib/darwin/libclang_rt.osx.a]
    arg [/Library/Developer/CommandLineTools/usr/bin/ld] ==> ignore
    arg [-demangle] ==> ignore
    arg [-lto_library] ==> ignore, skip following value
    arg [/Library/Developer/CommandLineTools/usr/lib/libLTO.dylib] ==> skip value of -lto_library
    arg [-dynamic] ==> ignore
    arg [-arch] ==> ignore
    arg [x86_64] ==> ignore
    arg [-platform_version] ==> ignore
    arg [macos] ==> ignore
    arg [11.0.0] ==> ignore
    arg [11.3] ==> ignore
    arg [-syslibroot] ==> ignore
    arg [/Library/Developer/CommandLineTools/SDKs/MacOSX11.3.sdk] ==> ignore
    arg [-o] ==> ignore
    arg [cmTC_17720] ==> ignore
    arg [-L/usr/local/opt/zlib/lib] ==> dir [/usr/local/opt/zlib/lib]
    arg [-L/usr/local/opt/bzip2/lib] ==> dir [/usr/local/opt/bzip2/lib]
    arg [-L/Library/Developer/CommandLineTools/SDKs/MacOSX.sdk/usr/lib/] ==> dir [/Library/Developer/CommandLineTools/SDKs/MacOSX.sdk/usr/lib/]
    arg [-search_paths_first] ==> ignore
    arg [-headerpad_max_install_names] ==> ignore
    arg [-v] ==> ignore
    arg [CMakeFiles/cmTC_17720.dir/CMakeCXXCompilerABI.cpp.o] ==> ignore
    arg [-lc++] ==> lib [c++]
    arg [-lSystem] ==> lib [System]
    arg [/Library/Developer/CommandLineTools/usr/lib/clang/12.0.5/lib/darwin/libclang_rt.osx.a] ==> lib [/Library/Developer/CommandLineTools/usr/lib/clang/12.0.5/lib/darwin/libclang_rt.osx.a]
  Library search paths: [;/usr/local/opt/zlib/lib;/usr/local/opt/bzip2/lib;/Library/Developer/CommandLineTools/SDKs/MacOSX.sdk/usr/lib/;/Library/Developer/CommandLineTools/SDKs/MacOSX11.3.sdk/usr/lib]
  Framework search paths: [;/Library/Developer/CommandLineTools/SDKs/MacOSX11.3.sdk/System/Library/Frameworks/]
  remove lib [System]
  remove lib [/Library/Developer/CommandLineTools/usr/lib/clang/12.0.5/lib/darwin/libclang_rt.osx.a]
  collapse library dir [/usr/local/opt/zlib/lib] ==> [/usr/local/opt/zlib/lib]
  collapse library dir [/usr/local/opt/bzip2/lib] ==> [/usr/local/opt/bzip2/lib]
  collapse library dir [/Library/Developer/CommandLineTools/SDKs/MacOSX.sdk/usr/lib/] ==> [/Library/Developer/CommandLineTools/SDKs/MacOSX.sdk/usr/lib]
  collapse library dir [/usr/local/opt/zlib/lib] ==> [/usr/local/opt/zlib/lib]
  collapse library dir [/usr/local/opt/bzip2/lib] ==> [/usr/local/opt/bzip2/lib]
  collapse library dir [/Library/Developer/CommandLineTools/SDKs/MacOSX.sdk/usr/lib/] ==> [/Library/Developer/CommandLineTools/SDKs/MacOSX.sdk/usr/lib]
  collapse library dir [/Library/Developer/CommandLineTools/SDKs/MacOSX11.3.sdk/usr/lib] ==> [/Library/Developer/CommandLineTools/SDKs/MacOSX11.3.sdk/usr/lib]
  collapse framework dir [/Library/Developer/CommandLineTools/SDKs/MacOSX11.3.sdk/System/Library/Frameworks/] ==> [/Library/Developer/CommandLineTools/SDKs/MacOSX11.3.sdk/System/Library/Frameworks]
  implicit libs: [c++]
  implicit objs: []
  implicit dirs: [/usr/local/opt/zlib/lib;/usr/local/opt/bzip2/lib;/Library/Developer/CommandLineTools/SDKs/MacOSX.sdk/usr/lib;/Library/Developer/CommandLineTools/SDKs/MacOSX11.3.sdk/usr/lib]
  implicit fwks: [/Library/Developer/CommandLineTools/SDKs/MacOSX11.3.sdk/System/Library/Frameworks]


