The system is: Darwin - 20.4.0 - x86_64
Compiling the C compiler identification source file "CMakeCCompilerId.c" succeeded.
Compiler: /usr/local/bin/gcc-11 
Build flags: 
Id flags:  

The output was:
0


Compilation of the C compiler identification source "CMakeCCompilerId.c" produced "a.out"

The C compiler identification is GNU, found in "/Users/melody/Downloads/test/Junhui-Deng-DSAPP-CMAKE/src/build/CMakeFiles/3.20.2/CompilerIdC/a.out"

Compiling the CXX compiler identification source file "CMakeCXXCompilerId.cpp" succeeded.
Compiler: /usr/local/bin/g++-11 
Build flags: 
Id flags:  

The output was:
0


Compilation of the CXX compiler identification source "CMakeCXXCompilerId.cpp" produced "a.out"

The CXX compiler identification is GNU, found in "/Users/melody/Downloads/test/Junhui-Deng-DSAPP-CMAKE/src/build/CMakeFiles/3.20.2/CompilerIdCXX/a.out"

Detecting C compiler ABI info compiled with the following output:
Change Dir: /Users/melody/Downloads/test/Junhui-Deng-DSAPP-CMAKE/src/build/CMakeFiles/CMakeTmp

Run Build Command(s):/usr/local/bin/ninja cmTC_47662 && [1/2] Building C object CMakeFiles/cmTC_47662.dir/CMakeCCompilerABI.c.o
Using built-in specs.
COLLECT_GCC=/usr/local/bin/gcc-11
Target: x86_64-apple-darwin20
Configured with: ../configure --prefix=/usr/local/Cellar/gcc/11.1.0 --libdir=/usr/local/Cellar/gcc/11.1.0/lib/gcc/11 --disable-nls --enable-checking=release --enable-languages=c,c++,objc,obj-c++,fortran --program-suffix=-11 --with-gmp=/usr/local/opt/gmp --with-mpfr=/usr/local/opt/mpfr --with-mpc=/usr/local/opt/libmpc --with-isl=/usr/local/opt/isl --with-pkgversion='Homebrew GCC 11.1.0' --with-bugurl=https://github.com/Homebrew/homebrew-core/issues --build=x86_64-apple-darwin20 --with-system-zlib --disable-multilib --with-native-system-header-dir=/usr/include --with-sysroot=/Library/Developer/CommandLineTools/SDKs/MacOSX.sdk
Thread model: posix
Supported LTO compression algorithms: zlib
gcc version 11.1.0 (Homebrew GCC 11.1.0) 
COLLECT_GCC_OPTIONS='-isysroot' '/Library/Developer/CommandLineTools/SDKs/MacOSX11.3.sdk' '-v' '-o' 'CMakeFiles/cmTC_47662.dir/CMakeCCompilerABI.c.o' '-c' '-mmacosx-version-min=11.3.0' '-asm_macosx_version_min=11.3' '-mtune=core2' '-dumpdir' 'CMakeFiles/cmTC_47662.dir/'
 /usr/local/Cellar/gcc/11.1.0/libexec/gcc/x86_64-apple-darwin20/11.1.0/cc1 -quiet -v -D__DYNAMIC__ -isysroot /Library/Developer/CommandLineTools/SDKs/MacOSX11.3.sdk /usr/local/Cellar/cmake/3.20.2/share/cmake/Modules/CMakeCCompilerABI.c -fPIC -quiet -dumpdir CMakeFiles/cmTC_47662.dir/ -dumpbase CMakeCCompilerABI.c.c -dumpbase-ext .c -mmacosx-version-min=11.3.0 -mtune=core2 -version -o /var/folders/gz/zzrd7wc50j739j3297kx0tp40000gn/T//cc6iO6wN.s
GNU C17 (Homebrew GCC 11.1.0) version 11.1.0 (x86_64-apple-darwin20)
	compiled by GNU C version 11.1.0, GMP version 6.2.1, MPFR version 4.1.0, MPC version 1.2.1, isl version isl-0.23-GMP

GGC heuristics: --param ggc-min-expand=100 --param ggc-min-heapsize=131072
ignoring nonexistent directory "/Library/Developer/CommandLineTools/SDKs/MacOSX11.3.sdk/usr/local/include"
ignoring nonexistent directory "/usr/local/Cellar/gcc/11.1.0/lib/gcc/11/gcc/x86_64-apple-darwin20/11.1.0/../../../../../../x86_64-apple-darwin20/include"
ignoring nonexistent directory "/Library/Developer/CommandLineTools/SDKs/MacOSX11.3.sdk/Library/Frameworks"
#include "..." search starts here:
#include <...> search starts here:
 /usr/local/Cellar/gcc/11.1.0/lib/gcc/11/gcc/x86_64-apple-darwin20/11.1.0/include
 /usr/local/Cellar/gcc/11.1.0/lib/gcc/11/gcc/x86_64-apple-darwin20/11.1.0/include-fixed
 /Library/Developer/CommandLineTools/SDKs/MacOSX11.3.sdk/usr/include
 /Library/Developer/CommandLineTools/SDKs/MacOSX11.3.sdk/System/Library/Frameworks
End of search list.
GNU C17 (Homebrew GCC 11.1.0) version 11.1.0 (x86_64-apple-darwin20)
	compiled by GNU C version 11.1.0, GMP version 6.2.1, MPFR version 4.1.0, MPC version 1.2.1, isl version isl-0.23-GMP

GGC heuristics: --param ggc-min-expand=100 --param ggc-min-heapsize=131072
Compiler executable checksum: 3cb4d2ad29d936d16866dfb98e8a6193
COLLECT_GCC_OPTIONS='-isysroot' '/Library/Developer/CommandLineTools/SDKs/MacOSX11.3.sdk' '-v' '-o' 'CMakeFiles/cmTC_47662.dir/CMakeCCompilerABI.c.o' '-c' '-mmacosx-version-min=11.3.0'  '-mtune=core2' '-dumpdir' 'CMakeFiles/cmTC_47662.dir/'
 as -arch x86_64 -v -force_cpusubtype_ALL -mmacosx-version-min=11.3 -o CMakeFiles/cmTC_47662.dir/CMakeCCompilerABI.c.o /var/folders/gz/zzrd7wc50j739j3297kx0tp40000gn/T//cc6iO6wN.s
Apple clang version 12.0.5 (clang-1205.0.22.9)
Target: x86_64-apple-darwin20.4.0
Thread model: posix
InstalledDir: /Library/Developer/CommandLineTools/usr/bin
 "/Library/Developer/CommandLineTools/usr/bin/clang" -cc1as -triple x86_64-apple-macosx11.3.0 -filetype obj -main-file-name cc6iO6wN.s -target-cpu penryn -fdebug-compilation-dir /Users/melody/Downloads/test/Junhui-Deng-DSAPP-CMAKE/src/build/CMakeFiles/CMakeTmp -dwarf-debug-producer "Apple clang version 12.0.5 (clang-1205.0.22.9)" -dwarf-version=4 -mrelocation-model pic -mllvm -disable-aligned-alloc-awareness=1 -o CMakeFiles/cmTC_47662.dir/CMakeCCompilerABI.c.o /var/folders/gz/zzrd7wc50j739j3297kx0tp40000gn/T//cc6iO6wN.s
COMPILER_PATH=/usr/local/Cellar/gcc/11.1.0/libexec/gcc/x86_64-apple-darwin20/11.1.0/:/usr/local/Cellar/gcc/11.1.0/libexec/gcc/x86_64-apple-darwin20/11.1.0/:/usr/local/Cellar/gcc/11.1.0/libexec/gcc/x86_64-apple-darwin20/:/usr/local/Cellar/gcc/11.1.0/lib/gcc/11/gcc/x86_64-apple-darwin20/11.1.0/:/usr/local/Cellar/gcc/11.1.0/lib/gcc/11/gcc/x86_64-apple-darwin20/
LIBRARY_PATH=/usr/local/Cellar/gcc/11.1.0/lib/gcc/11/gcc/x86_64-apple-darwin20/11.1.0/:/usr/local/Cellar/gcc/11.1.0/lib/gcc/11/gcc/x86_64-apple-darwin20/11.1.0/../../../
COLLECT_GCC_OPTIONS='-isysroot' '/Library/Developer/CommandLineTools/SDKs/MacOSX11.3.sdk' '-v' '-o' 'CMakeFiles/cmTC_47662.dir/CMakeCCompilerABI.c.o' '-c' '-mmacosx-version-min=11.3.0'  '-mtune=core2' '-dumpdir' 'CMakeFiles/cmTC_47662.dir/CMakeCCompilerABI.c.'
[2/2] Linking C executable cmTC_47662
Using built-in specs.
COLLECT_GCC=/usr/local/bin/gcc-11
COLLECT_LTO_WRAPPER=/usr/local/Cellar/gcc/11.1.0/libexec/gcc/x86_64-apple-darwin20/11.1.0/lto-wrapper
Target: x86_64-apple-darwin20
Configured with: ../configure --prefix=/usr/local/Cellar/gcc/11.1.0 --libdir=/usr/local/Cellar/gcc/11.1.0/lib/gcc/11 --disable-nls --enable-checking=release --enable-languages=c,c++,objc,obj-c++,fortran --program-suffix=-11 --with-gmp=/usr/local/opt/gmp --with-mpfr=/usr/local/opt/mpfr --with-mpc=/usr/local/opt/libmpc --with-isl=/usr/local/opt/isl --with-pkgversion='Homebrew GCC 11.1.0' --with-bugurl=https://github.com/Homebrew/homebrew-core/issues --build=x86_64-apple-darwin20 --with-system-zlib --disable-multilib --with-native-system-header-dir=/usr/include --with-sysroot=/Library/Developer/CommandLineTools/SDKs/MacOSX.sdk
Thread model: posix
Supported LTO compression algorithms: zlib
gcc version 11.1.0 (Homebrew GCC 11.1.0) 
COMPILER_PATH=/usr/local/Cellar/gcc/11.1.0/libexec/gcc/x86_64-apple-darwin20/11.1.0/:/usr/local/Cellar/gcc/11.1.0/libexec/gcc/x86_64-apple-darwin20/11.1.0/:/usr/local/Cellar/gcc/11.1.0/libexec/gcc/x86_64-apple-darwin20/:/usr/local/Cellar/gcc/11.1.0/lib/gcc/11/gcc/x86_64-apple-darwin20/11.1.0/:/usr/local/Cellar/gcc/11.1.0/lib/gcc/11/gcc/x86_64-apple-darwin20/
LIBRARY_PATH=/usr/local/Cellar/gcc/11.1.0/lib/gcc/11/gcc/x86_64-apple-darwin20/11.1.0/:/usr/local/Cellar/gcc/11.1.0/lib/gcc/11/gcc/x86_64-apple-darwin20/11.1.0/../../../
COLLECT_GCC_OPTIONS='-isysroot' '/Library/Developer/CommandLineTools/SDKs/MacOSX11.3.sdk' '-L/usr/local/opt/zlib/lib' '-L/usr/local/opt/bzip2/lib' '-L/Library/Developer/CommandLineTools/SDKs/MacOSX.sdk/usr/lib/' '-v' '-o' 'cmTC_47662' '-mmacosx-version-min=11.3.0' '-asm_macosx_version_min=11.3' '-mtune=core2' '-dumpdir' 'cmTC_47662.'
 /usr/local/Cellar/gcc/11.1.0/libexec/gcc/x86_64-apple-darwin20/11.1.0/collect2 -dynamic -arch x86_64 -macosx_version_min 11.3.0 -syslibroot /Library/Developer/CommandLineTools/SDKs/MacOSX11.3.sdk -weak_reference_mismatches non-weak -o cmTC_47662 -L/usr/local/opt/zlib/lib -L/usr/local/opt/bzip2/lib -L/Library/Developer/CommandLineTools/SDKs/MacOSX.sdk/usr/lib/ -L/usr/local/Cellar/gcc/11.1.0/lib/gcc/11/gcc/x86_64-apple-darwin20/11.1.0 -L/usr/local/Cellar/gcc/11.1.0/lib/gcc/11/gcc/x86_64-apple-darwin20/11.1.0/../../.. -search_paths_first -headerpad_max_install_names -v CMakeFiles/cmTC_47662.dir/CMakeCCompilerABI.c.o -lSystem -lgcc_ext.10.5 -lgcc -lSystem -no_compact_unwind -v
collect2 version 11.1.0
/usr/bin/ld -dynamic -arch x86_64 -macosx_version_min 11.3.0 -syslibroot /Library/Developer/CommandLineTools/SDKs/MacOSX11.3.sdk -weak_reference_mismatches non-weak -o cmTC_47662 -L/usr/local/opt/zlib/lib -L/usr/local/opt/bzip2/lib -L/Library/Developer/CommandLineTools/SDKs/MacOSX.sdk/usr/lib/ -L/usr/local/Cellar/gcc/11.1.0/lib/gcc/11/gcc/x86_64-apple-darwin20/11.1.0 -L/usr/local/Cellar/gcc/11.1.0/lib/gcc/11/gcc/x86_64-apple-darwin20/11.1.0/../../.. -search_paths_first -headerpad_max_install_names -v CMakeFiles/cmTC_47662.dir/CMakeCCompilerABI.c.o -lSystem -lgcc_ext.10.5 -lgcc -lSystem -no_compact_unwind -v
@(#)PROGRAM:ld  PROJECT:ld64-650.9
BUILD 00:19:30 Mar 17 2021
configured to support archs: armv6 armv7 armv7s arm64 arm64e arm64_32 i386 x86_64 x86_64h armv6m armv7k armv7m armv7em
@(#)PROGRAM:ld  PROJECT:ld64-650.9
BUILD 00:19:30 Mar 17 2021
configured to support archs: armv6 armv7 armv7s arm64 arm64e arm64_32 i386 x86_64 x86_64h armv6m armv7k armv7m armv7em
Library search paths:
	/usr/local/opt/zlib/lib
	/usr/local/opt/bzip2/lib
	/Library/Developer/CommandLineTools/SDKs/MacOSX.sdk/usr/lib/
	/usr/local/Cellar/gcc/11.1.0/lib/gcc/11/gcc/x86_64-apple-darwin20/11.1.0
	/usr/local/Cellar/gcc/11.1.0/lib/gcc/11
	/Library/Developer/CommandLineTools/SDKs/MacOSX11.3.sdk/usr/lib
Framework search paths:
	/Library/Developer/CommandLineTools/SDKs/MacOSX11.3.sdk/System/Library/Frameworks/



Parsed C implicit include dir info from above output: rv=done
  found start of include info
  found start of implicit include info
    add: [/usr/local/Cellar/gcc/11.1.0/lib/gcc/11/gcc/x86_64-apple-darwin20/11.1.0/include]
    add: [/usr/local/Cellar/gcc/11.1.0/lib/gcc/11/gcc/x86_64-apple-darwin20/11.1.0/include-fixed]
    add: [/Library/Developer/CommandLineTools/SDKs/MacOSX11.3.sdk/usr/include]
    add: [/Library/Developer/CommandLineTools/SDKs/MacOSX11.3.sdk/System/Library/Frameworks]
  end of search list found
  collapse include dir [/usr/local/Cellar/gcc/11.1.0/lib/gcc/11/gcc/x86_64-apple-darwin20/11.1.0/include] ==> [/usr/local/Cellar/gcc/11.1.0/lib/gcc/11/gcc/x86_64-apple-darwin20/11.1.0/include]
  collapse include dir [/usr/local/Cellar/gcc/11.1.0/lib/gcc/11/gcc/x86_64-apple-darwin20/11.1.0/include-fixed] ==> [/usr/local/Cellar/gcc/11.1.0/lib/gcc/11/gcc/x86_64-apple-darwin20/11.1.0/include-fixed]
  collapse include dir [/Library/Developer/CommandLineTools/SDKs/MacOSX11.3.sdk/usr/include] ==> [/Library/Developer/CommandLineTools/SDKs/MacOSX11.3.sdk/usr/include]
  collapse include dir [/Library/Developer/CommandLineTools/SDKs/MacOSX11.3.sdk/System/Library/Frameworks] ==> [/Library/Developer/CommandLineTools/SDKs/MacOSX11.3.sdk/System/Library/Frameworks]
  implicit include dirs: [/usr/local/Cellar/gcc/11.1.0/lib/gcc/11/gcc/x86_64-apple-darwin20/11.1.0/include;/usr/local/Cellar/gcc/11.1.0/lib/gcc/11/gcc/x86_64-apple-darwin20/11.1.0/include-fixed;/Library/Developer/CommandLineTools/SDKs/MacOSX11.3.sdk/usr/include;/Library/Developer/CommandLineTools/SDKs/MacOSX11.3.sdk/System/Library/Frameworks]


Parsed C implicit link information from above output:
  link line regex: [^( *|.*[/\])(ld|CMAKE_LINK_STARTFILE-NOTFOUND|([^/\]+-)?ld|collect2)[^/\]*( |$)]
  ignore line: [Change Dir: /Users/melody/Downloads/test/Junhui-Deng-DSAPP-CMAKE/src/build/CMakeFiles/CMakeTmp]
  ignore line: []
  ignore line: [Run Build Command(s):/usr/local/bin/ninja cmTC_47662 && [1/2] Building C object CMakeFiles/cmTC_47662.dir/CMakeCCompilerABI.c.o]
  ignore line: [Using built-in specs.]
  ignore line: [COLLECT_GCC=/usr/local/bin/gcc-11]
  ignore line: [Target: x86_64-apple-darwin20]
  ignore line: [Configured with: ../configure --prefix=/usr/local/Cellar/gcc/11.1.0 --libdir=/usr/local/Cellar/gcc/11.1.0/lib/gcc/11 --disable-nls --enable-checking=release --enable-languages=c c++ objc obj-c++ fortran --program-suffix=-11 --with-gmp=/usr/local/opt/gmp --with-mpfr=/usr/local/opt/mpfr --with-mpc=/usr/local/opt/libmpc --with-isl=/usr/local/opt/isl --with-pkgversion='Homebrew GCC 11.1.0' --with-bugurl=https://github.com/Homebrew/homebrew-core/issues --build=x86_64-apple-darwin20 --with-system-zlib --disable-multilib --with-native-system-header-dir=/usr/include --with-sysroot=/Library/Developer/CommandLineTools/SDKs/MacOSX.sdk]
  ignore line: [Thread model: posix]
  ignore line: [Supported LTO compression algorithms: zlib]
  ignore line: [gcc version 11.1.0 (Homebrew GCC 11.1.0) ]
  ignore line: [COLLECT_GCC_OPTIONS='-isysroot' '/Library/Developer/CommandLineTools/SDKs/MacOSX11.3.sdk' '-v' '-o' 'CMakeFiles/cmTC_47662.dir/CMakeCCompilerABI.c.o' '-c' '-mmacosx-version-min=11.3.0' '-asm_macosx_version_min=11.3' '-mtune=core2' '-dumpdir' 'CMakeFiles/cmTC_47662.dir/']
  ignore line: [ /usr/local/Cellar/gcc/11.1.0/libexec/gcc/x86_64-apple-darwin20/11.1.0/cc1 -quiet -v -D__DYNAMIC__ -isysroot /Library/Developer/CommandLineTools/SDKs/MacOSX11.3.sdk /usr/local/Cellar/cmake/3.20.2/share/cmake/Modules/CMakeCCompilerABI.c -fPIC -quiet -dumpdir CMakeFiles/cmTC_47662.dir/ -dumpbase CMakeCCompilerABI.c.c -dumpbase-ext .c -mmacosx-version-min=11.3.0 -mtune=core2 -version -o /var/folders/gz/zzrd7wc50j739j3297kx0tp40000gn/T//cc6iO6wN.s]
  ignore line: [GNU C17 (Homebrew GCC 11.1.0) version 11.1.0 (x86_64-apple-darwin20)]
  ignore line: [	compiled by GNU C version 11.1.0  GMP version 6.2.1  MPFR version 4.1.0  MPC version 1.2.1  isl version isl-0.23-GMP]
  ignore line: []
  ignore line: [GGC heuristics: --param ggc-min-expand=100 --param ggc-min-heapsize=131072]
  ignore line: [ignoring nonexistent directory "/Library/Developer/CommandLineTools/SDKs/MacOSX11.3.sdk/usr/local/include"]
  ignore line: [ignoring nonexistent directory "/usr/local/Cellar/gcc/11.1.0/lib/gcc/11/gcc/x86_64-apple-darwin20/11.1.0/../../../../../../x86_64-apple-darwin20/include"]
  ignore line: [ignoring nonexistent directory "/Library/Developer/CommandLineTools/SDKs/MacOSX11.3.sdk/Library/Frameworks"]
  ignore line: [#include "..." search starts here:]
  ignore line: [#include <...> search starts here:]
  ignore line: [ /usr/local/Cellar/gcc/11.1.0/lib/gcc/11/gcc/x86_64-apple-darwin20/11.1.0/include]
  ignore line: [ /usr/local/Cellar/gcc/11.1.0/lib/gcc/11/gcc/x86_64-apple-darwin20/11.1.0/include-fixed]
  ignore line: [ /Library/Developer/CommandLineTools/SDKs/MacOSX11.3.sdk/usr/include]
  ignore line: [ /Library/Developer/CommandLineTools/SDKs/MacOSX11.3.sdk/System/Library/Frameworks]
  ignore line: [End of search list.]
  ignore line: [GNU C17 (Homebrew GCC 11.1.0) version 11.1.0 (x86_64-apple-darwin20)]
  ignore line: [	compiled by GNU C version 11.1.0  GMP version 6.2.1  MPFR version 4.1.0  MPC version 1.2.1  isl version isl-0.23-GMP]
  ignore line: []
  ignore line: [GGC heuristics: --param ggc-min-expand=100 --param ggc-min-heapsize=131072]
  ignore line: [Compiler executable checksum: 3cb4d2ad29d936d16866dfb98e8a6193]
  ignore line: [COLLECT_GCC_OPTIONS='-isysroot' '/Library/Developer/CommandLineTools/SDKs/MacOSX11.3.sdk' '-v' '-o' 'CMakeFiles/cmTC_47662.dir/CMakeCCompilerABI.c.o' '-c' '-mmacosx-version-min=11.3.0'  '-mtune=core2' '-dumpdir' 'CMakeFiles/cmTC_47662.dir/']
  ignore line: [ as -arch x86_64 -v -force_cpusubtype_ALL -mmacosx-version-min=11.3 -o CMakeFiles/cmTC_47662.dir/CMakeCCompilerABI.c.o /var/folders/gz/zzrd7wc50j739j3297kx0tp40000gn/T//cc6iO6wN.s]
  ignore line: [Apple clang version 12.0.5 (clang-1205.0.22.9)]
  ignore line: [Target: x86_64-apple-darwin20.4.0]
  ignore line: [Thread model: posix]
  ignore line: [InstalledDir: /Library/Developer/CommandLineTools/usr/bin]
  ignore line: [ "/Library/Developer/CommandLineTools/usr/bin/clang" -cc1as -triple x86_64-apple-macosx11.3.0 -filetype obj -main-file-name cc6iO6wN.s -target-cpu penryn -fdebug-compilation-dir /Users/melody/Downloads/test/Junhui-Deng-DSAPP-CMAKE/src/build/CMakeFiles/CMakeTmp -dwarf-debug-producer "Apple clang version 12.0.5 (clang-1205.0.22.9)" -dwarf-version=4 -mrelocation-model pic -mllvm -disable-aligned-alloc-awareness=1 -o CMakeFiles/cmTC_47662.dir/CMakeCCompilerABI.c.o /var/folders/gz/zzrd7wc50j739j3297kx0tp40000gn/T//cc6iO6wN.s]
  ignore line: [COMPILER_PATH=/usr/local/Cellar/gcc/11.1.0/libexec/gcc/x86_64-apple-darwin20/11.1.0/:/usr/local/Cellar/gcc/11.1.0/libexec/gcc/x86_64-apple-darwin20/11.1.0/:/usr/local/Cellar/gcc/11.1.0/libexec/gcc/x86_64-apple-darwin20/:/usr/local/Cellar/gcc/11.1.0/lib/gcc/11/gcc/x86_64-apple-darwin20/11.1.0/:/usr/local/Cellar/gcc/11.1.0/lib/gcc/11/gcc/x86_64-apple-darwin20/]
  ignore line: [LIBRARY_PATH=/usr/local/Cellar/gcc/11.1.0/lib/gcc/11/gcc/x86_64-apple-darwin20/11.1.0/:/usr/local/Cellar/gcc/11.1.0/lib/gcc/11/gcc/x86_64-apple-darwin20/11.1.0/../../../]
  ignore line: [COLLECT_GCC_OPTIONS='-isysroot' '/Library/Developer/CommandLineTools/SDKs/MacOSX11.3.sdk' '-v' '-o' 'CMakeFiles/cmTC_47662.dir/CMakeCCompilerABI.c.o' '-c' '-mmacosx-version-min=11.3.0'  '-mtune=core2' '-dumpdir' 'CMakeFiles/cmTC_47662.dir/CMakeCCompilerABI.c.']
  ignore line: [[2/2] Linking C executable cmTC_47662]
  ignore line: [Using built-in specs.]
  ignore line: [COLLECT_GCC=/usr/local/bin/gcc-11]
  ignore line: [COLLECT_LTO_WRAPPER=/usr/local/Cellar/gcc/11.1.0/libexec/gcc/x86_64-apple-darwin20/11.1.0/lto-wrapper]
  ignore line: [Target: x86_64-apple-darwin20]
  ignore line: [Configured with: ../configure --prefix=/usr/local/Cellar/gcc/11.1.0 --libdir=/usr/local/Cellar/gcc/11.1.0/lib/gcc/11 --disable-nls --enable-checking=release --enable-languages=c c++ objc obj-c++ fortran --program-suffix=-11 --with-gmp=/usr/local/opt/gmp --with-mpfr=/usr/local/opt/mpfr --with-mpc=/usr/local/opt/libmpc --with-isl=/usr/local/opt/isl --with-pkgversion='Homebrew GCC 11.1.0' --with-bugurl=https://github.com/Homebrew/homebrew-core/issues --build=x86_64-apple-darwin20 --with-system-zlib --disable-multilib --with-native-system-header-dir=/usr/include --with-sysroot=/Library/Developer/CommandLineTools/SDKs/MacOSX.sdk]
  ignore line: [Thread model: posix]
  ignore line: [Supported LTO compression algorithms: zlib]
  ignore line: [gcc version 11.1.0 (Homebrew GCC 11.1.0) ]
  ignore line: [COMPILER_PATH=/usr/local/Cellar/gcc/11.1.0/libexec/gcc/x86_64-apple-darwin20/11.1.0/:/usr/local/Cellar/gcc/11.1.0/libexec/gcc/x86_64-apple-darwin20/11.1.0/:/usr/local/Cellar/gcc/11.1.0/libexec/gcc/x86_64-apple-darwin20/:/usr/local/Cellar/gcc/11.1.0/lib/gcc/11/gcc/x86_64-apple-darwin20/11.1.0/:/usr/local/Cellar/gcc/11.1.0/lib/gcc/11/gcc/x86_64-apple-darwin20/]
  ignore line: [LIBRARY_PATH=/usr/local/Cellar/gcc/11.1.0/lib/gcc/11/gcc/x86_64-apple-darwin20/11.1.0/:/usr/local/Cellar/gcc/11.1.0/lib/gcc/11/gcc/x86_64-apple-darwin20/11.1.0/../../../]
  ignore line: [COLLECT_GCC_OPTIONS='-isysroot' '/Library/Developer/CommandLineTools/SDKs/MacOSX11.3.sdk' '-L/usr/local/opt/zlib/lib' '-L/usr/local/opt/bzip2/lib' '-L/Library/Developer/CommandLineTools/SDKs/MacOSX.sdk/usr/lib/' '-v' '-o' 'cmTC_47662' '-mmacosx-version-min=11.3.0' '-asm_macosx_version_min=11.3' '-mtune=core2' '-dumpdir' 'cmTC_47662.']
  link line: [ /usr/local/Cellar/gcc/11.1.0/libexec/gcc/x86_64-apple-darwin20/11.1.0/collect2 -dynamic -arch x86_64 -macosx_version_min 11.3.0 -syslibroot /Library/Developer/CommandLineTools/SDKs/MacOSX11.3.sdk -weak_reference_mismatches non-weak -o cmTC_47662 -L/usr/local/opt/zlib/lib -L/usr/local/opt/bzip2/lib -L/Library/Developer/CommandLineTools/SDKs/MacOSX.sdk/usr/lib/ -L/usr/local/Cellar/gcc/11.1.0/lib/gcc/11/gcc/x86_64-apple-darwin20/11.1.0 -L/usr/local/Cellar/gcc/11.1.0/lib/gcc/11/gcc/x86_64-apple-darwin20/11.1.0/../../.. -search_paths_first -headerpad_max_install_names -v CMakeFiles/cmTC_47662.dir/CMakeCCompilerABI.c.o -lSystem -lgcc_ext.10.5 -lgcc -lSystem -no_compact_unwind -v]
    arg [/usr/local/Cellar/gcc/11.1.0/libexec/gcc/x86_64-apple-darwin20/11.1.0/collect2] ==> ignore
    arg [-dynamic] ==> ignore
    arg [-arch] ==> ignore
    arg [x86_64] ==> ignore
    arg [-macosx_version_min] ==> ignore
    arg [11.3.0] ==> ignore
    arg [-syslibroot] ==> ignore
    arg [/Library/Developer/CommandLineTools/SDKs/MacOSX11.3.sdk] ==> ignore
    arg [-weak_reference_mismatches] ==> ignore
    arg [non-weak] ==> ignore
    arg [-o] ==> ignore
    arg [cmTC_47662] ==> ignore
    arg [-L/usr/local/opt/zlib/lib] ==> dir [/usr/local/opt/zlib/lib]
    arg [-L/usr/local/opt/bzip2/lib] ==> dir [/usr/local/opt/bzip2/lib]
    arg [-L/Library/Developer/CommandLineTools/SDKs/MacOSX.sdk/usr/lib/] ==> dir [/Library/Developer/CommandLineTools/SDKs/MacOSX.sdk/usr/lib/]
    arg [-L/usr/local/Cellar/gcc/11.1.0/lib/gcc/11/gcc/x86_64-apple-darwin20/11.1.0] ==> dir [/usr/local/Cellar/gcc/11.1.0/lib/gcc/11/gcc/x86_64-apple-darwin20/11.1.0]
    arg [-L/usr/local/Cellar/gcc/11.1.0/lib/gcc/11/gcc/x86_64-apple-darwin20/11.1.0/../../..] ==> dir [/usr/local/Cellar/gcc/11.1.0/lib/gcc/11/gcc/x86_64-apple-darwin20/11.1.0/../../..]
    arg [-search_paths_first] ==> ignore
    arg [-headerpad_max_install_names] ==> ignore
    arg [-v] ==> ignore
    arg [CMakeFiles/cmTC_47662.dir/CMakeCCompilerABI.c.o] ==> ignore
    arg [-lSystem] ==> lib [System]
    arg [-lgcc_ext.10.5] ==> lib [gcc_ext.10.5]
    arg [-lgcc] ==> lib [gcc]
    arg [-lSystem] ==> lib [System]
    arg [-no_compact_unwind] ==> ignore
    arg [-v] ==> ignore
  Library search paths: [;/usr/local/opt/zlib/lib;/usr/local/opt/bzip2/lib;/Library/Developer/CommandLineTools/SDKs/MacOSX.sdk/usr/lib/;/usr/local/Cellar/gcc/11.1.0/lib/gcc/11/gcc/x86_64-apple-darwin20/11.1.0;/usr/local/Cellar/gcc/11.1.0/lib/gcc/11;/Library/Developer/CommandLineTools/SDKs/MacOSX11.3.sdk/usr/lib]
  Framework search paths: [;/Library/Developer/CommandLineTools/SDKs/MacOSX11.3.sdk/System/Library/Frameworks/]
  remove lib [System]
  remove lib [System]
  collapse library dir [/usr/local/opt/zlib/lib] ==> [/usr/local/opt/zlib/lib]
  collapse library dir [/usr/local/opt/bzip2/lib] ==> [/usr/local/opt/bzip2/lib]
  collapse library dir [/Library/Developer/CommandLineTools/SDKs/MacOSX.sdk/usr/lib/] ==> [/Library/Developer/CommandLineTools/SDKs/MacOSX.sdk/usr/lib]
  collapse library dir [/usr/local/Cellar/gcc/11.1.0/lib/gcc/11/gcc/x86_64-apple-darwin20/11.1.0] ==> [/usr/local/Cellar/gcc/11.1.0/lib/gcc/11/gcc/x86_64-apple-darwin20/11.1.0]
  collapse library dir [/usr/local/Cellar/gcc/11.1.0/lib/gcc/11/gcc/x86_64-apple-darwin20/11.1.0/../../..] ==> [/usr/local/Cellar/gcc/11.1.0/lib/gcc/11]
  collapse library dir [/usr/local/opt/zlib/lib] ==> [/usr/local/opt/zlib/lib]
  collapse library dir [/usr/local/opt/bzip2/lib] ==> [/usr/local/opt/bzip2/lib]
  collapse library dir [/Library/Developer/CommandLineTools/SDKs/MacOSX.sdk/usr/lib/] ==> [/Library/Developer/CommandLineTools/SDKs/MacOSX.sdk/usr/lib]
  collapse library dir [/usr/local/Cellar/gcc/11.1.0/lib/gcc/11/gcc/x86_64-apple-darwin20/11.1.0] ==> [/usr/local/Cellar/gcc/11.1.0/lib/gcc/11/gcc/x86_64-apple-darwin20/11.1.0]
  collapse library dir [/usr/local/Cellar/gcc/11.1.0/lib/gcc/11] ==> [/usr/local/Cellar/gcc/11.1.0/lib/gcc/11]
  collapse library dir [/Library/Developer/CommandLineTools/SDKs/MacOSX11.3.sdk/usr/lib] ==> [/Library/Developer/CommandLineTools/SDKs/MacOSX11.3.sdk/usr/lib]
  collapse framework dir [/Library/Developer/CommandLineTools/SDKs/MacOSX11.3.sdk/System/Library/Frameworks/] ==> [/Library/Developer/CommandLineTools/SDKs/MacOSX11.3.sdk/System/Library/Frameworks]
  implicit libs: [gcc_ext.10.5;gcc]
  implicit objs: []
  implicit dirs: [/usr/local/opt/zlib/lib;/usr/local/opt/bzip2/lib;/Library/Developer/CommandLineTools/SDKs/MacOSX.sdk/usr/lib;/usr/local/Cellar/gcc/11.1.0/lib/gcc/11/gcc/x86_64-apple-darwin20/11.1.0;/usr/local/Cellar/gcc/11.1.0/lib/gcc/11;/Library/Developer/CommandLineTools/SDKs/MacOSX11.3.sdk/usr/lib]
  implicit fwks: [/Library/Developer/CommandLineTools/SDKs/MacOSX11.3.sdk/System/Library/Frameworks]


Detecting CXX compiler ABI info compiled with the following output:
Change Dir: /Users/melody/Downloads/test/Junhui-Deng-DSAPP-CMAKE/src/build/CMakeFiles/CMakeTmp

Run Build Command(s):/usr/local/bin/ninja cmTC_0bb14 && [1/2] Building CXX object CMakeFiles/cmTC_0bb14.dir/CMakeCXXCompilerABI.cpp.o
Using built-in specs.
COLLECT_GCC=/usr/local/bin/g++-11
Target: x86_64-apple-darwin20
Configured with: ../configure --prefix=/usr/local/Cellar/gcc/11.1.0 --libdir=/usr/local/Cellar/gcc/11.1.0/lib/gcc/11 --disable-nls --enable-checking=release --enable-languages=c,c++,objc,obj-c++,fortran --program-suffix=-11 --with-gmp=/usr/local/opt/gmp --with-mpfr=/usr/local/opt/mpfr --with-mpc=/usr/local/opt/libmpc --with-isl=/usr/local/opt/isl --with-pkgversion='Homebrew GCC 11.1.0' --with-bugurl=https://github.com/Homebrew/homebrew-core/issues --build=x86_64-apple-darwin20 --with-system-zlib --disable-multilib --with-native-system-header-dir=/usr/include --with-sysroot=/Library/Developer/CommandLineTools/SDKs/MacOSX.sdk
Thread model: posix
Supported LTO compression algorithms: zlib
gcc version 11.1.0 (Homebrew GCC 11.1.0) 
COLLECT_GCC_OPTIONS='-isysroot' '/Library/Developer/CommandLineTools/SDKs/MacOSX11.3.sdk' '-v' '-o' 'CMakeFiles/cmTC_0bb14.dir/CMakeCXXCompilerABI.cpp.o' '-c' '-mmacosx-version-min=11.3.0' '-asm_macosx_version_min=11.3' '-shared-libgcc' '-mtune=core2' '-dumpdir' 'CMakeFiles/cmTC_0bb14.dir/'
 /usr/local/Cellar/gcc/11.1.0/libexec/gcc/x86_64-apple-darwin20/11.1.0/cc1plus -quiet -v -D__DYNAMIC__ -isysroot /Library/Developer/CommandLineTools/SDKs/MacOSX11.3.sdk /usr/local/Cellar/cmake/3.20.2/share/cmake/Modules/CMakeCXXCompilerABI.cpp -fPIC -quiet -dumpdir CMakeFiles/cmTC_0bb14.dir/ -dumpbase CMakeCXXCompilerABI.cpp.cpp -dumpbase-ext .cpp -mmacosx-version-min=11.3.0 -mtune=core2 -version -o /var/folders/gz/zzrd7wc50j739j3297kx0tp40000gn/T//cco8e0sp.s
GNU C++17 (Homebrew GCC 11.1.0) version 11.1.0 (x86_64-apple-darwin20)
	compiled by GNU C version 11.1.0, GMP version 6.2.1, MPFR version 4.1.0, MPC version 1.2.1, isl version isl-0.23-GMP

GGC heuristics: --param ggc-min-expand=100 --param ggc-min-heapsize=131072
ignoring nonexistent directory "/Library/Developer/CommandLineTools/SDKs/MacOSX11.3.sdk/usr/local/include"
ignoring nonexistent directory "/usr/local/Cellar/gcc/11.1.0/lib/gcc/11/gcc/x86_64-apple-darwin20/11.1.0/../../../../../../x86_64-apple-darwin20/include"
ignoring nonexistent directory "/Library/Developer/CommandLineTools/SDKs/MacOSX11.3.sdk/Library/Frameworks"
#include "..." search starts here:
#include <...> search starts here:
 /usr/local/Cellar/gcc/11.1.0/lib/gcc/11/gcc/x86_64-apple-darwin20/11.1.0/../../../../../../include/c++/11.1.0
 /usr/local/Cellar/gcc/11.1.0/lib/gcc/11/gcc/x86_64-apple-darwin20/11.1.0/../../../../../../include/c++/11.1.0/x86_64-apple-darwin20
 /usr/local/Cellar/gcc/11.1.0/lib/gcc/11/gcc/x86_64-apple-darwin20/11.1.0/../../../../../../include/c++/11.1.0/backward
 /usr/local/Cellar/gcc/11.1.0/lib/gcc/11/gcc/x86_64-apple-darwin20/11.1.0/include
 /usr/local/Cellar/gcc/11.1.0/lib/gcc/11/gcc/x86_64-apple-darwin20/11.1.0/include-fixed
 /Library/Developer/CommandLineTools/SDKs/MacOSX11.3.sdk/usr/include
 /Library/Developer/CommandLineTools/SDKs/MacOSX11.3.sdk/System/Library/Frameworks
End of search list.
GNU C++17 (Homebrew GCC 11.1.0) version 11.1.0 (x86_64-apple-darwin20)
	compiled by GNU C version 11.1.0, GMP version 6.2.1, MPFR version 4.1.0, MPC version 1.2.1, isl version isl-0.23-GMP

GGC heuristics: --param ggc-min-expand=100 --param ggc-min-heapsize=131072
Compiler executable checksum: 7468fe64907d79fc9adedf2e66705406
COLLECT_GCC_OPTIONS='-isysroot' '/Library/Developer/CommandLineTools/SDKs/MacOSX11.3.sdk' '-v' '-o' 'CMakeFiles/cmTC_0bb14.dir/CMakeCXXCompilerABI.cpp.o' '-c' '-mmacosx-version-min=11.3.0'  '-shared-libgcc' '-mtune=core2' '-dumpdir' 'CMakeFiles/cmTC_0bb14.dir/'
 as -arch x86_64 -v -force_cpusubtype_ALL -mmacosx-version-min=11.3 -o CMakeFiles/cmTC_0bb14.dir/CMakeCXXCompilerABI.cpp.o /var/folders/gz/zzrd7wc50j739j3297kx0tp40000gn/T//cco8e0sp.s
Apple clang version 12.0.5 (clang-1205.0.22.9)
Target: x86_64-apple-darwin20.4.0
Thread model: posix
InstalledDir: /Library/Developer/CommandLineTools/usr/bin
 "/Library/Developer/CommandLineTools/usr/bin/clang" -cc1as -triple x86_64-apple-macosx11.3.0 -filetype obj -main-file-name cco8e0sp.s -target-cpu penryn -fdebug-compilation-dir /Users/melody/Downloads/test/Junhui-Deng-DSAPP-CMAKE/src/build/CMakeFiles/CMakeTmp -dwarf-debug-producer "Apple clang version 12.0.5 (clang-1205.0.22.9)" -dwarf-version=4 -mrelocation-model pic -mllvm -disable-aligned-alloc-awareness=1 -o CMakeFiles/cmTC_0bb14.dir/CMakeCXXCompilerABI.cpp.o /var/folders/gz/zzrd7wc50j739j3297kx0tp40000gn/T//cco8e0sp.s
COMPILER_PATH=/usr/local/Cellar/gcc/11.1.0/libexec/gcc/x86_64-apple-darwin20/11.1.0/:/usr/local/Cellar/gcc/11.1.0/libexec/gcc/x86_64-apple-darwin20/11.1.0/:/usr/local/Cellar/gcc/11.1.0/libexec/gcc/x86_64-apple-darwin20/:/usr/local/Cellar/gcc/11.1.0/lib/gcc/11/gcc/x86_64-apple-darwin20/11.1.0/:/usr/local/Cellar/gcc/11.1.0/lib/gcc/11/gcc/x86_64-apple-darwin20/
LIBRARY_PATH=/usr/local/Cellar/gcc/11.1.0/lib/gcc/11/gcc/x86_64-apple-darwin20/11.1.0/:/usr/local/Cellar/gcc/11.1.0/lib/gcc/11/gcc/x86_64-apple-darwin20/11.1.0/../../../
COLLECT_GCC_OPTIONS='-isysroot' '/Library/Developer/CommandLineTools/SDKs/MacOSX11.3.sdk' '-v' '-o' 'CMakeFiles/cmTC_0bb14.dir/CMakeCXXCompilerABI.cpp.o' '-c' '-mmacosx-version-min=11.3.0'  '-shared-libgcc' '-mtune=core2' '-dumpdir' 'CMakeFiles/cmTC_0bb14.dir/CMakeCXXCompilerABI.cpp.'
[2/2] Linking CXX executable cmTC_0bb14
Using built-in specs.
COLLECT_GCC=/usr/local/bin/g++-11
COLLECT_LTO_WRAPPER=/usr/local/Cellar/gcc/11.1.0/libexec/gcc/x86_64-apple-darwin20/11.1.0/lto-wrapper
Target: x86_64-apple-darwin20
Configured with: ../configure --prefix=/usr/local/Cellar/gcc/11.1.0 --libdir=/usr/local/Cellar/gcc/11.1.0/lib/gcc/11 --disable-nls --enable-checking=release --enable-languages=c,c++,objc,obj-c++,fortran --program-suffix=-11 --with-gmp=/usr/local/opt/gmp --with-mpfr=/usr/local/opt/mpfr --with-mpc=/usr/local/opt/libmpc --with-isl=/usr/local/opt/isl --with-pkgversion='Homebrew GCC 11.1.0' --with-bugurl=https://github.com/Homebrew/homebrew-core/issues --build=x86_64-apple-darwin20 --with-system-zlib --disable-multilib --with-native-system-header-dir=/usr/include --with-sysroot=/Library/Developer/CommandLineTools/SDKs/MacOSX.sdk
Thread model: posix
Supported LTO compression algorithms: zlib
gcc version 11.1.0 (Homebrew GCC 11.1.0) 
COMPILER_PATH=/usr/local/Cellar/gcc/11.1.0/libexec/gcc/x86_64-apple-darwin20/11.1.0/:/usr/local/Cellar/gcc/11.1.0/libexec/gcc/x86_64-apple-darwin20/11.1.0/:/usr/local/Cellar/gcc/11.1.0/libexec/gcc/x86_64-apple-darwin20/:/usr/local/Cellar/gcc/11.1.0/lib/gcc/11/gcc/x86_64-apple-darwin20/11.1.0/:/usr/local/Cellar/gcc/11.1.0/lib/gcc/11/gcc/x86_64-apple-darwin20/
LIBRARY_PATH=/usr/local/Cellar/gcc/11.1.0/lib/gcc/11/gcc/x86_64-apple-darwin20/11.1.0/:/usr/local/Cellar/gcc/11.1.0/lib/gcc/11/gcc/x86_64-apple-darwin20/11.1.0/../../../
COLLECT_GCC_OPTIONS='-isysroot' '/Library/Developer/CommandLineTools/SDKs/MacOSX11.3.sdk' '-L/usr/local/opt/zlib/lib' '-L/usr/local/opt/bzip2/lib' '-L/Library/Developer/CommandLineTools/SDKs/MacOSX.sdk/usr/lib/' '-v' '-o' 'cmTC_0bb14' '-mmacosx-version-min=11.3.0' '-asm_macosx_version_min=11.3' '-shared-libgcc' '-mtune=core2' '-dumpdir' 'cmTC_0bb14.'
 /usr/local/Cellar/gcc/11.1.0/libexec/gcc/x86_64-apple-darwin20/11.1.0/collect2 -dynamic -arch x86_64 -macosx_version_min 11.3.0 -syslibroot /Library/Developer/CommandLineTools/SDKs/MacOSX11.3.sdk -weak_reference_mismatches non-weak -o cmTC_0bb14 -L/usr/local/opt/zlib/lib -L/usr/local/opt/bzip2/lib -L/Library/Developer/CommandLineTools/SDKs/MacOSX.sdk/usr/lib/ -L/usr/local/Cellar/gcc/11.1.0/lib/gcc/11/gcc/x86_64-apple-darwin20/11.1.0 -L/usr/local/Cellar/gcc/11.1.0/lib/gcc/11/gcc/x86_64-apple-darwin20/11.1.0/../../.. -search_paths_first -headerpad_max_install_names -v CMakeFiles/cmTC_0bb14.dir/CMakeCXXCompilerABI.cpp.o -lstdc++ -lSystem -lgcc_ext.10.5 -lgcc -lSystem -no_compact_unwind -v
collect2 version 11.1.0
/usr/bin/ld -dynamic -arch x86_64 -macosx_version_min 11.3.0 -syslibroot /Library/Developer/CommandLineTools/SDKs/MacOSX11.3.sdk -weak_reference_mismatches non-weak -o cmTC_0bb14 -L/usr/local/opt/zlib/lib -L/usr/local/opt/bzip2/lib -L/Library/Developer/CommandLineTools/SDKs/MacOSX.sdk/usr/lib/ -L/usr/local/Cellar/gcc/11.1.0/lib/gcc/11/gcc/x86_64-apple-darwin20/11.1.0 -L/usr/local/Cellar/gcc/11.1.0/lib/gcc/11/gcc/x86_64-apple-darwin20/11.1.0/../../.. -search_paths_first -headerpad_max_install_names -v CMakeFiles/cmTC_0bb14.dir/CMakeCXXCompilerABI.cpp.o -lstdc++ -lSystem -lgcc_ext.10.5 -lgcc -lSystem -no_compact_unwind -v
@(#)PROGRAM:ld  PROJECT:ld64-650.9
BUILD 00:19:30 Mar 17 2021
configured to support archs: armv6 armv7 armv7s arm64 arm64e arm64_32 i386 x86_64 x86_64h armv6m armv7k armv7m armv7em
@(#)PROGRAM:ld  PROJECT:ld64-650.9
BUILD 00:19:30 Mar 17 2021
configured to support archs: armv6 armv7 armv7s arm64 arm64e arm64_32 i386 x86_64 x86_64h armv6m armv7k armv7m armv7em
Library search paths:
	/usr/local/opt/zlib/lib
	/usr/local/opt/bzip2/lib
	/Library/Developer/CommandLineTools/SDKs/MacOSX.sdk/usr/lib/
	/usr/local/Cellar/gcc/11.1.0/lib/gcc/11/gcc/x86_64-apple-darwin20/11.1.0
	/usr/local/Cellar/gcc/11.1.0/lib/gcc/11
	/Library/Developer/CommandLineTools/SDKs/MacOSX11.3.sdk/usr/lib
Framework search paths:
	/Library/Developer/CommandLineTools/SDKs/MacOSX11.3.sdk/System/Library/Frameworks/



Parsed CXX implicit include dir info from above output: rv=done
  found start of include info
  found start of implicit include info
    add: [/usr/local/Cellar/gcc/11.1.0/lib/gcc/11/gcc/x86_64-apple-darwin20/11.1.0/../../../../../../include/c++/11.1.0]
    add: [/usr/local/Cellar/gcc/11.1.0/lib/gcc/11/gcc/x86_64-apple-darwin20/11.1.0/../../../../../../include/c++/11.1.0/x86_64-apple-darwin20]
    add: [/usr/local/Cellar/gcc/11.1.0/lib/gcc/11/gcc/x86_64-apple-darwin20/11.1.0/../../../../../../include/c++/11.1.0/backward]
    add: [/usr/local/Cellar/gcc/11.1.0/lib/gcc/11/gcc/x86_64-apple-darwin20/11.1.0/include]
    add: [/usr/local/Cellar/gcc/11.1.0/lib/gcc/11/gcc/x86_64-apple-darwin20/11.1.0/include-fixed]
    add: [/Library/Developer/CommandLineTools/SDKs/MacOSX11.3.sdk/usr/include]
    add: [/Library/Developer/CommandLineTools/SDKs/MacOSX11.3.sdk/System/Library/Frameworks]
  end of search list found
  collapse include dir [/usr/local/Cellar/gcc/11.1.0/lib/gcc/11/gcc/x86_64-apple-darwin20/11.1.0/../../../../../../include/c++/11.1.0] ==> [/usr/local/Cellar/gcc/11.1.0/include/c++/11.1.0]
  collapse include dir [/usr/local/Cellar/gcc/11.1.0/lib/gcc/11/gcc/x86_64-apple-darwin20/11.1.0/../../../../../../include/c++/11.1.0/x86_64-apple-darwin20] ==> [/usr/local/Cellar/gcc/11.1.0/include/c++/11.1.0/x86_64-apple-darwin20]
  collapse include dir [/usr/local/Cellar/gcc/11.1.0/lib/gcc/11/gcc/x86_64-apple-darwin20/11.1.0/../../../../../../include/c++/11.1.0/backward] ==> [/usr/local/Cellar/gcc/11.1.0/include/c++/11.1.0/backward]
  collapse include dir [/usr/local/Cellar/gcc/11.1.0/lib/gcc/11/gcc/x86_64-apple-darwin20/11.1.0/include] ==> [/usr/local/Cellar/gcc/11.1.0/lib/gcc/11/gcc/x86_64-apple-darwin20/11.1.0/include]
  collapse include dir [/usr/local/Cellar/gcc/11.1.0/lib/gcc/11/gcc/x86_64-apple-darwin20/11.1.0/include-fixed] ==> [/usr/local/Cellar/gcc/11.1.0/lib/gcc/11/gcc/x86_64-apple-darwin20/11.1.0/include-fixed]
  collapse include dir [/Library/Developer/CommandLineTools/SDKs/MacOSX11.3.sdk/usr/include] ==> [/Library/Developer/CommandLineTools/SDKs/MacOSX11.3.sdk/usr/include]
  collapse include dir [/Library/Developer/CommandLineTools/SDKs/MacOSX11.3.sdk/System/Library/Frameworks] ==> [/Library/Developer/CommandLineTools/SDKs/MacOSX11.3.sdk/System/Library/Frameworks]
  implicit include dirs: [/usr/local/Cellar/gcc/11.1.0/include/c++/11.1.0;/usr/local/Cellar/gcc/11.1.0/include/c++/11.1.0/x86_64-apple-darwin20;/usr/local/Cellar/gcc/11.1.0/include/c++/11.1.0/backward;/usr/local/Cellar/gcc/11.1.0/lib/gcc/11/gcc/x86_64-apple-darwin20/11.1.0/include;/usr/local/Cellar/gcc/11.1.0/lib/gcc/11/gcc/x86_64-apple-darwin20/11.1.0/include-fixed;/Library/Developer/CommandLineTools/SDKs/MacOSX11.3.sdk/usr/include;/Library/Developer/CommandLineTools/SDKs/MacOSX11.3.sdk/System/Library/Frameworks]


Parsed CXX implicit link information from above output:
  link line regex: [^( *|.*[/\])(ld|CMAKE_LINK_STARTFILE-NOTFOUND|([^/\]+-)?ld|collect2)[^/\]*( |$)]
  ignore line: [Change Dir: /Users/melody/Downloads/test/Junhui-Deng-DSAPP-CMAKE/src/build/CMakeFiles/CMakeTmp]
  ignore line: []
  ignore line: [Run Build Command(s):/usr/local/bin/ninja cmTC_0bb14 && [1/2] Building CXX object CMakeFiles/cmTC_0bb14.dir/CMakeCXXCompilerABI.cpp.o]
  ignore line: [Using built-in specs.]
  ignore line: [COLLECT_GCC=/usr/local/bin/g++-11]
  ignore line: [Target: x86_64-apple-darwin20]
  ignore line: [Configured with: ../configure --prefix=/usr/local/Cellar/gcc/11.1.0 --libdir=/usr/local/Cellar/gcc/11.1.0/lib/gcc/11 --disable-nls --enable-checking=release --enable-languages=c c++ objc obj-c++ fortran --program-suffix=-11 --with-gmp=/usr/local/opt/gmp --with-mpfr=/usr/local/opt/mpfr --with-mpc=/usr/local/opt/libmpc --with-isl=/usr/local/opt/isl --with-pkgversion='Homebrew GCC 11.1.0' --with-bugurl=https://github.com/Homebrew/homebrew-core/issues --build=x86_64-apple-darwin20 --with-system-zlib --disable-multilib --with-native-system-header-dir=/usr/include --with-sysroot=/Library/Developer/CommandLineTools/SDKs/MacOSX.sdk]
  ignore line: [Thread model: posix]
  ignore line: [Supported LTO compression algorithms: zlib]
  ignore line: [gcc version 11.1.0 (Homebrew GCC 11.1.0) ]
  ignore line: [COLLECT_GCC_OPTIONS='-isysroot' '/Library/Developer/CommandLineTools/SDKs/MacOSX11.3.sdk' '-v' '-o' 'CMakeFiles/cmTC_0bb14.dir/CMakeCXXCompilerABI.cpp.o' '-c' '-mmacosx-version-min=11.3.0' '-asm_macosx_version_min=11.3' '-shared-libgcc' '-mtune=core2' '-dumpdir' 'CMakeFiles/cmTC_0bb14.dir/']
  ignore line: [ /usr/local/Cellar/gcc/11.1.0/libexec/gcc/x86_64-apple-darwin20/11.1.0/cc1plus -quiet -v -D__DYNAMIC__ -isysroot /Library/Developer/CommandLineTools/SDKs/MacOSX11.3.sdk /usr/local/Cellar/cmake/3.20.2/share/cmake/Modules/CMakeCXXCompilerABI.cpp -fPIC -quiet -dumpdir CMakeFiles/cmTC_0bb14.dir/ -dumpbase CMakeCXXCompilerABI.cpp.cpp -dumpbase-ext .cpp -mmacosx-version-min=11.3.0 -mtune=core2 -version -o /var/folders/gz/zzrd7wc50j739j3297kx0tp40000gn/T//cco8e0sp.s]
  ignore line: [GNU C++17 (Homebrew GCC 11.1.0) version 11.1.0 (x86_64-apple-darwin20)]
  ignore line: [	compiled by GNU C version 11.1.0  GMP version 6.2.1  MPFR version 4.1.0  MPC version 1.2.1  isl version isl-0.23-GMP]
  ignore line: []
  ignore line: [GGC heuristics: --param ggc-min-expand=100 --param ggc-min-heapsize=131072]
  ignore line: [ignoring nonexistent directory "/Library/Developer/CommandLineTools/SDKs/MacOSX11.3.sdk/usr/local/include"]
  ignore line: [ignoring nonexistent directory "/usr/local/Cellar/gcc/11.1.0/lib/gcc/11/gcc/x86_64-apple-darwin20/11.1.0/../../../../../../x86_64-apple-darwin20/include"]
  ignore line: [ignoring nonexistent directory "/Library/Developer/CommandLineTools/SDKs/MacOSX11.3.sdk/Library/Frameworks"]
  ignore line: [#include "..." search starts here:]
  ignore line: [#include <...> search starts here:]
  ignore line: [ /usr/local/Cellar/gcc/11.1.0/lib/gcc/11/gcc/x86_64-apple-darwin20/11.1.0/../../../../../../include/c++/11.1.0]
  ignore line: [ /usr/local/Cellar/gcc/11.1.0/lib/gcc/11/gcc/x86_64-apple-darwin20/11.1.0/../../../../../../include/c++/11.1.0/x86_64-apple-darwin20]
  ignore line: [ /usr/local/Cellar/gcc/11.1.0/lib/gcc/11/gcc/x86_64-apple-darwin20/11.1.0/../../../../../../include/c++/11.1.0/backward]
  ignore line: [ /usr/local/Cellar/gcc/11.1.0/lib/gcc/11/gcc/x86_64-apple-darwin20/11.1.0/include]
  ignore line: [ /usr/local/Cellar/gcc/11.1.0/lib/gcc/11/gcc/x86_64-apple-darwin20/11.1.0/include-fixed]
  ignore line: [ /Library/Developer/CommandLineTools/SDKs/MacOSX11.3.sdk/usr/include]
  ignore line: [ /Library/Developer/CommandLineTools/SDKs/MacOSX11.3.sdk/System/Library/Frameworks]
  ignore line: [End of search list.]
  ignore line: [GNU C++17 (Homebrew GCC 11.1.0) version 11.1.0 (x86_64-apple-darwin20)]
  ignore line: [	compiled by GNU C version 11.1.0  GMP version 6.2.1  MPFR version 4.1.0  MPC version 1.2.1  isl version isl-0.23-GMP]
  ignore line: []
  ignore line: [GGC heuristics: --param ggc-min-expand=100 --param ggc-min-heapsize=131072]
  ignore line: [Compiler executable checksum: 7468fe64907d79fc9adedf2e66705406]
  ignore line: [COLLECT_GCC_OPTIONS='-isysroot' '/Library/Developer/CommandLineTools/SDKs/MacOSX11.3.sdk' '-v' '-o' 'CMakeFiles/cmTC_0bb14.dir/CMakeCXXCompilerABI.cpp.o' '-c' '-mmacosx-version-min=11.3.0'  '-shared-libgcc' '-mtune=core2' '-dumpdir' 'CMakeFiles/cmTC_0bb14.dir/']
  ignore line: [ as -arch x86_64 -v -force_cpusubtype_ALL -mmacosx-version-min=11.3 -o CMakeFiles/cmTC_0bb14.dir/CMakeCXXCompilerABI.cpp.o /var/folders/gz/zzrd7wc50j739j3297kx0tp40000gn/T//cco8e0sp.s]
  ignore line: [Apple clang version 12.0.5 (clang-1205.0.22.9)]
  ignore line: [Target: x86_64-apple-darwin20.4.0]
  ignore line: [Thread model: posix]
  ignore line: [InstalledDir: /Library/Developer/CommandLineTools/usr/bin]
  ignore line: [ "/Library/Developer/CommandLineTools/usr/bin/clang" -cc1as -triple x86_64-apple-macosx11.3.0 -filetype obj -main-file-name cco8e0sp.s -target-cpu penryn -fdebug-compilation-dir /Users/melody/Downloads/test/Junhui-Deng-DSAPP-CMAKE/src/build/CMakeFiles/CMakeTmp -dwarf-debug-producer "Apple clang version 12.0.5 (clang-1205.0.22.9)" -dwarf-version=4 -mrelocation-model pic -mllvm -disable-aligned-alloc-awareness=1 -o CMakeFiles/cmTC_0bb14.dir/CMakeCXXCompilerABI.cpp.o /var/folders/gz/zzrd7wc50j739j3297kx0tp40000gn/T//cco8e0sp.s]
  ignore line: [COMPILER_PATH=/usr/local/Cellar/gcc/11.1.0/libexec/gcc/x86_64-apple-darwin20/11.1.0/:/usr/local/Cellar/gcc/11.1.0/libexec/gcc/x86_64-apple-darwin20/11.1.0/:/usr/local/Cellar/gcc/11.1.0/libexec/gcc/x86_64-apple-darwin20/:/usr/local/Cellar/gcc/11.1.0/lib/gcc/11/gcc/x86_64-apple-darwin20/11.1.0/:/usr/local/Cellar/gcc/11.1.0/lib/gcc/11/gcc/x86_64-apple-darwin20/]
  ignore line: [LIBRARY_PATH=/usr/local/Cellar/gcc/11.1.0/lib/gcc/11/gcc/x86_64-apple-darwin20/11.1.0/:/usr/local/Cellar/gcc/11.1.0/lib/gcc/11/gcc/x86_64-apple-darwin20/11.1.0/../../../]
  ignore line: [COLLECT_GCC_OPTIONS='-isysroot' '/Library/Developer/CommandLineTools/SDKs/MacOSX11.3.sdk' '-v' '-o' 'CMakeFiles/cmTC_0bb14.dir/CMakeCXXCompilerABI.cpp.o' '-c' '-mmacosx-version-min=11.3.0'  '-shared-libgcc' '-mtune=core2' '-dumpdir' 'CMakeFiles/cmTC_0bb14.dir/CMakeCXXCompilerABI.cpp.']
  ignore line: [[2/2] Linking CXX executable cmTC_0bb14]
  ignore line: [Using built-in specs.]
  ignore line: [COLLECT_GCC=/usr/local/bin/g++-11]
  ignore line: [COLLECT_LTO_WRAPPER=/usr/local/Cellar/gcc/11.1.0/libexec/gcc/x86_64-apple-darwin20/11.1.0/lto-wrapper]
  ignore line: [Target: x86_64-apple-darwin20]
  ignore line: [Configured with: ../configure --prefix=/usr/local/Cellar/gcc/11.1.0 --libdir=/usr/local/Cellar/gcc/11.1.0/lib/gcc/11 --disable-nls --enable-checking=release --enable-languages=c c++ objc obj-c++ fortran --program-suffix=-11 --with-gmp=/usr/local/opt/gmp --with-mpfr=/usr/local/opt/mpfr --with-mpc=/usr/local/opt/libmpc --with-isl=/usr/local/opt/isl --with-pkgversion='Homebrew GCC 11.1.0' --with-bugurl=https://github.com/Homebrew/homebrew-core/issues --build=x86_64-apple-darwin20 --with-system-zlib --disable-multilib --with-native-system-header-dir=/usr/include --with-sysroot=/Library/Developer/CommandLineTools/SDKs/MacOSX.sdk]
  ignore line: [Thread model: posix]
  ignore line: [Supported LTO compression algorithms: zlib]
  ignore line: [gcc version 11.1.0 (Homebrew GCC 11.1.0) ]
  ignore line: [COMPILER_PATH=/usr/local/Cellar/gcc/11.1.0/libexec/gcc/x86_64-apple-darwin20/11.1.0/:/usr/local/Cellar/gcc/11.1.0/libexec/gcc/x86_64-apple-darwin20/11.1.0/:/usr/local/Cellar/gcc/11.1.0/libexec/gcc/x86_64-apple-darwin20/:/usr/local/Cellar/gcc/11.1.0/lib/gcc/11/gcc/x86_64-apple-darwin20/11.1.0/:/usr/local/Cellar/gcc/11.1.0/lib/gcc/11/gcc/x86_64-apple-darwin20/]
  ignore line: [LIBRARY_PATH=/usr/local/Cellar/gcc/11.1.0/lib/gcc/11/gcc/x86_64-apple-darwin20/11.1.0/:/usr/local/Cellar/gcc/11.1.0/lib/gcc/11/gcc/x86_64-apple-darwin20/11.1.0/../../../]
  ignore line: [COLLECT_GCC_OPTIONS='-isysroot' '/Library/Developer/CommandLineTools/SDKs/MacOSX11.3.sdk' '-L/usr/local/opt/zlib/lib' '-L/usr/local/opt/bzip2/lib' '-L/Library/Developer/CommandLineTools/SDKs/MacOSX.sdk/usr/lib/' '-v' '-o' 'cmTC_0bb14' '-mmacosx-version-min=11.3.0' '-asm_macosx_version_min=11.3' '-shared-libgcc' '-mtune=core2' '-dumpdir' 'cmTC_0bb14.']
  link line: [ /usr/local/Cellar/gcc/11.1.0/libexec/gcc/x86_64-apple-darwin20/11.1.0/collect2 -dynamic -arch x86_64 -macosx_version_min 11.3.0 -syslibroot /Library/Developer/CommandLineTools/SDKs/MacOSX11.3.sdk -weak_reference_mismatches non-weak -o cmTC_0bb14 -L/usr/local/opt/zlib/lib -L/usr/local/opt/bzip2/lib -L/Library/Developer/CommandLineTools/SDKs/MacOSX.sdk/usr/lib/ -L/usr/local/Cellar/gcc/11.1.0/lib/gcc/11/gcc/x86_64-apple-darwin20/11.1.0 -L/usr/local/Cellar/gcc/11.1.0/lib/gcc/11/gcc/x86_64-apple-darwin20/11.1.0/../../.. -search_paths_first -headerpad_max_install_names -v CMakeFiles/cmTC_0bb14.dir/CMakeCXXCompilerABI.cpp.o -lstdc++ -lSystem -lgcc_ext.10.5 -lgcc -lSystem -no_compact_unwind -v]
    arg [/usr/local/Cellar/gcc/11.1.0/libexec/gcc/x86_64-apple-darwin20/11.1.0/collect2] ==> ignore
    arg [-dynamic] ==> ignore
    arg [-arch] ==> ignore
    arg [x86_64] ==> ignore
    arg [-macosx_version_min] ==> ignore
    arg [11.3.0] ==> ignore
    arg [-syslibroot] ==> ignore
    arg [/Library/Developer/CommandLineTools/SDKs/MacOSX11.3.sdk] ==> ignore
    arg [-weak_reference_mismatches] ==> ignore
    arg [non-weak] ==> ignore
    arg [-o] ==> ignore
    arg [cmTC_0bb14] ==> ignore
    arg [-L/usr/local/opt/zlib/lib] ==> dir [/usr/local/opt/zlib/lib]
    arg [-L/usr/local/opt/bzip2/lib] ==> dir [/usr/local/opt/bzip2/lib]
    arg [-L/Library/Developer/CommandLineTools/SDKs/MacOSX.sdk/usr/lib/] ==> dir [/Library/Developer/CommandLineTools/SDKs/MacOSX.sdk/usr/lib/]
    arg [-L/usr/local/Cellar/gcc/11.1.0/lib/gcc/11/gcc/x86_64-apple-darwin20/11.1.0] ==> dir [/usr/local/Cellar/gcc/11.1.0/lib/gcc/11/gcc/x86_64-apple-darwin20/11.1.0]
    arg [-L/usr/local/Cellar/gcc/11.1.0/lib/gcc/11/gcc/x86_64-apple-darwin20/11.1.0/../../..] ==> dir [/usr/local/Cellar/gcc/11.1.0/lib/gcc/11/gcc/x86_64-apple-darwin20/11.1.0/../../..]
    arg [-search_paths_first] ==> ignore
    arg [-headerpad_max_install_names] ==> ignore
    arg [-v] ==> ignore
    arg [CMakeFiles/cmTC_0bb14.dir/CMakeCXXCompilerABI.cpp.o] ==> ignore
    arg [-lstdc++] ==> lib [stdc++]
    arg [-lSystem] ==> lib [System]
    arg [-lgcc_ext.10.5] ==> lib [gcc_ext.10.5]
    arg [-lgcc] ==> lib [gcc]
    arg [-lSystem] ==> lib [System]
    arg [-no_compact_unwind] ==> ignore
    arg [-v] ==> ignore
  Library search paths: [;/usr/local/opt/zlib/lib;/usr/local/opt/bzip2/lib;/Library/Developer/CommandLineTools/SDKs/MacOSX.sdk/usr/lib/;/usr/local/Cellar/gcc/11.1.0/lib/gcc/11/gcc/x86_64-apple-darwin20/11.1.0;/usr/local/Cellar/gcc/11.1.0/lib/gcc/11;/Library/Developer/CommandLineTools/SDKs/MacOSX11.3.sdk/usr/lib]
  Framework search paths: [;/Library/Developer/CommandLineTools/SDKs/MacOSX11.3.sdk/System/Library/Frameworks/]
  remove lib [System]
  remove lib [System]
  collapse library dir [/usr/local/opt/zlib/lib] ==> [/usr/local/opt/zlib/lib]
  collapse library dir [/usr/local/opt/bzip2/lib] ==> [/usr/local/opt/bzip2/lib]
  collapse library dir [/Library/Developer/CommandLineTools/SDKs/MacOSX.sdk/usr/lib/] ==> [/Library/Developer/CommandLineTools/SDKs/MacOSX.sdk/usr/lib]
  collapse library dir [/usr/local/Cellar/gcc/11.1.0/lib/gcc/11/gcc/x86_64-apple-darwin20/11.1.0] ==> [/usr/local/Cellar/gcc/11.1.0/lib/gcc/11/gcc/x86_64-apple-darwin20/11.1.0]
  collapse library dir [/usr/local/Cellar/gcc/11.1.0/lib/gcc/11/gcc/x86_64-apple-darwin20/11.1.0/../../..] ==> [/usr/local/Cellar/gcc/11.1.0/lib/gcc/11]
  collapse library dir [/usr/local/opt/zlib/lib] ==> [/usr/local/opt/zlib/lib]
  collapse library dir [/usr/local/opt/bzip2/lib] ==> [/usr/local/opt/bzip2/lib]
  collapse library dir [/Library/Developer/CommandLineTools/SDKs/MacOSX.sdk/usr/lib/] ==> [/Library/Developer/CommandLineTools/SDKs/MacOSX.sdk/usr/lib]
  collapse library dir [/usr/local/Cellar/gcc/11.1.0/lib/gcc/11/gcc/x86_64-apple-darwin20/11.1.0] ==> [/usr/local/Cellar/gcc/11.1.0/lib/gcc/11/gcc/x86_64-apple-darwin20/11.1.0]
  collapse library dir [/usr/local/Cellar/gcc/11.1.0/lib/gcc/11] ==> [/usr/local/Cellar/gcc/11.1.0/lib/gcc/11]
  collapse library dir [/Library/Developer/CommandLineTools/SDKs/MacOSX11.3.sdk/usr/lib] ==> [/Library/Developer/CommandLineTools/SDKs/MacOSX11.3.sdk/usr/lib]
  collapse framework dir [/Library/Developer/CommandLineTools/SDKs/MacOSX11.3.sdk/System/Library/Frameworks/] ==> [/Library/Developer/CommandLineTools/SDKs/MacOSX11.3.sdk/System/Library/Frameworks]
  implicit libs: [stdc++;gcc_ext.10.5;gcc]
  implicit objs: []
  implicit dirs: [/usr/local/opt/zlib/lib;/usr/local/opt/bzip2/lib;/Library/Developer/CommandLineTools/SDKs/MacOSX.sdk/usr/lib;/usr/local/Cellar/gcc/11.1.0/lib/gcc/11/gcc/x86_64-apple-darwin20/11.1.0;/usr/local/Cellar/gcc/11.1.0/lib/gcc/11;/Library/Developer/CommandLineTools/SDKs/MacOSX11.3.sdk/usr/lib]
  implicit fwks: [/Library/Developer/CommandLineTools/SDKs/MacOSX11.3.sdk/System/Library/Frameworks]


